[3.723s] Invoking command in '/home/ubuntu/HRI-Tom-Target/ros2_ws/src/robot_catch_pkg': PYTHONPATH=/home/ubuntu/HRI-Tom-Target/ros2_ws/build/robot_catch_pkg/prefix_override:/home/ubuntu/HRI-Tom-Target/ros2_ws/install/robot_catch_pkg/lib/python3.10/site-packages:${PYTHONPATH} /usr/bin/python3 setup.py egg_info --egg-base ../../build/robot_catch_pkg build --build-base /home/ubuntu/HRI-Tom-Target/ros2_ws/build/robot_catch_pkg/build install --record /home/ubuntu/HRI-Tom-Target/ros2_ws/build/robot_catch_pkg/install.log --single-version-externally-managed
[5.172s] running egg_info
[5.174s] writing ../../build/robot_catch_pkg/robot_catch_pkg.egg-info/PKG-INFO
[5.175s] writing dependency_links to ../../build/robot_catch_pkg/robot_catch_pkg.egg-info/dependency_links.txt
[5.176s] writing entry points to ../../build/robot_catch_pkg/robot_catch_pkg.egg-info/entry_points.txt
[5.177s] writing requirements to ../../build/robot_catch_pkg/robot_catch_pkg.egg-info/requires.txt
[5.182s] writing top-level names to ../../build/robot_catch_pkg/robot_catch_pkg.egg-info/top_level.txt
[5.187s] reading manifest file '../../build/robot_catch_pkg/robot_catch_pkg.egg-info/SOURCES.txt'
[5.189s] adding license file 'LICENSE'
[5.192s] writing manifest file '../../build/robot_catch_pkg/robot_catch_pkg.egg-info/SOURCES.txt'
[5.192s] running build
[5.193s] running build_py
[5.194s] running install
[5.196s] running install_lib
[5.202s] running install_data
[5.204s] running install_egg_info
[5.213s] removing '/home/ubuntu/HRI-Tom-Target/ros2_ws/install/robot_catch_pkg/lib/python3.10/site-packages/robot_catch_pkg-0.0.0-py3.10.egg-info' (and everything under it)
[5.214s] Copying ../../build/robot_catch_pkg/robot_catch_pkg.egg-info to /home/ubuntu/HRI-Tom-Target/ros2_ws/install/robot_catch_pkg/lib/python3.10/site-packages/robot_catch_pkg-0.0.0-py3.10.egg-info
[5.223s] running install_scripts
[5.319s] Installing robot_catch_node script to /home/ubuntu/HRI-Tom-Target/ros2_ws/install/robot_catch_pkg/lib/robot_catch_pkg
[5.321s] writing list of installed files to '/home/ubuntu/HRI-Tom-Target/ros2_ws/build/robot_catch_pkg/install.log'
[5.489s] Invoked command in '/home/ubuntu/HRI-Tom-Target/ros2_ws/src/robot_catch_pkg' returned '0': PYTHONPATH=/home/ubuntu/HRI-Tom-Target/ros2_ws/build/robot_catch_pkg/prefix_override:/home/ubuntu/HRI-Tom-Target/ros2_ws/install/robot_catch_pkg/lib/python3.10/site-packages:${PYTHONPATH} /usr/bin/python3 setup.py egg_info --egg-base ../../build/robot_catch_pkg build --build-base /home/ubuntu/HRI-Tom-Target/ros2_ws/build/robot_catch_pkg/build install --record /home/ubuntu/HRI-Tom-Target/ros2_ws/build/robot_catch_pkg/install.log --single-version-externally-managed
