[2.094s] DEBUG:colcon:Command line arguments: ['/usr/bin/colcon', 'build']
[2.094s] DEBUG:colcon:Parsed command line arguments: Namespace(log_base=None, log_level=None, verb_name='build', build_base='build', install_base='install', merge_install=False, symlink_install=False, test_result_base=None, continue_on_error=False, executor='parallel', parallel_workers=4, event_handlers=None, ignore_user_meta=False, metas=['./colcon.meta'], base_paths=['.'], packages_ignore=None, packages_ignore_regex=None, paths=None, packages_up_to=None, packages_up_to_regex=None, packages_above=None, packages_above_and_dependencies=None, packages_above_depth=None, packages_select_by_dep=None, packages_skip_by_dep=None, packages_skip_up_to=None, packages_select_build_failed=False, packages_skip_build_finished=False, packages_select_test_failures=False, packages_skip_test_passed=False, packages_select=None, packages_skip=None, packages_select_regex=None, packages_skip_regex=None, packages_start=None, packages_end=None, allow_overriding=[], cmake_args=None, cmake_target=None, cmake_target_skip_unavailable=False, cmake_clean_cache=False, cmake_clean_first=False, cmake_force_configure=False, ament_cmake_args=None, catkin_cmake_args=None, catkin_skip_building_tests=False, verb_parser=<colcon_defaults.argument_parser.defaults.DefaultArgumentsDecorator object at 0xffffb0f6b520>, verb_extension=<colcon_core.verb.build.BuildVerb object at 0xffffb0f6afb0>, main=<bound method BuildVerb.main of <colcon_core.verb.build.BuildVerb object at 0xffffb0f6afb0>>)
[2.235s] Level 1:colcon.colcon_core.package_discovery:discover_packages(colcon_meta) check parameters
[2.236s] Level 1:colcon.colcon_core.package_discovery:discover_packages(recursive) check parameters
[2.237s] Level 1:colcon.colcon_core.package_discovery:discover_packages(ignore) check parameters
[2.237s] Level 1:colcon.colcon_core.package_discovery:discover_packages(path) check parameters
[2.237s] Level 1:colcon.colcon_core.package_discovery:discover_packages(colcon_meta) discover
[2.237s] Level 1:colcon.colcon_core.package_discovery:discover_packages(recursive) discover
[2.237s] INFO:colcon.colcon_core.package_discovery:Crawling recursively for packages in '/home/ubuntu/HRI-Tom-Target/ros2_ws'
[2.238s] Level 1:colcon.colcon_core.package_identification:_identify(.) by extensions ['ignore', 'ignore_ament_install']
[2.239s] Level 1:colcon.colcon_core.package_identification:_identify(.) by extension 'ignore'
[2.240s] Level 1:colcon.colcon_core.package_identification:_identify(.) by extension 'ignore_ament_install'
[2.241s] Level 1:colcon.colcon_core.package_identification:_identify(.) by extensions ['colcon_pkg']
[2.241s] Level 1:colcon.colcon_core.package_identification:_identify(.) by extension 'colcon_pkg'
[2.242s] Level 1:colcon.colcon_core.package_identification:_identify(.) by extensions ['colcon_meta']
[2.242s] Level 1:colcon.colcon_core.package_identification:_identify(.) by extension 'colcon_meta'
[2.242s] Level 1:colcon.colcon_core.package_identification:_identify(.) by extensions ['ros']
[2.243s] Level 1:colcon.colcon_core.package_identification:_identify(.) by extension 'ros'
[2.302s] Level 1:colcon.colcon_core.package_identification:_identify(.) by extensions ['cmake', 'python']
[2.302s] Level 1:colcon.colcon_core.package_identification:_identify(.) by extension 'cmake'
[2.303s] Level 1:colcon.colcon_core.package_identification:_identify(.) by extension 'python'
[2.303s] Level 1:colcon.colcon_core.package_identification:_identify(.) by extensions ['python_setup_py']
[2.303s] Level 1:colcon.colcon_core.package_identification:_identify(.) by extension 'python_setup_py'
[2.304s] Level 1:colcon.colcon_core.package_identification:_identify(build) by extensions ['ignore', 'ignore_ament_install']
[2.305s] Level 1:colcon.colcon_core.package_identification:_identify(build) by extension 'ignore'
[2.305s] Level 1:colcon.colcon_core.package_identification:_identify(build) ignored
[2.306s] Level 1:colcon.colcon_core.package_identification:_identify(install) by extensions ['ignore', 'ignore_ament_install']
[2.306s] Level 1:colcon.colcon_core.package_identification:_identify(install) by extension 'ignore'
[2.307s] Level 1:colcon.colcon_core.package_identification:_identify(install) ignored
[2.308s] Level 1:colcon.colcon_core.package_identification:_identify(log) by extensions ['ignore', 'ignore_ament_install']
[2.308s] Level 1:colcon.colcon_core.package_identification:_identify(log) by extension 'ignore'
[2.309s] Level 1:colcon.colcon_core.package_identification:_identify(log) ignored
[2.310s] Level 1:colcon.colcon_core.package_identification:_identify(src) by extensions ['ignore', 'ignore_ament_install']
[2.310s] Level 1:colcon.colcon_core.package_identification:_identify(src) by extension 'ignore'
[2.310s] Level 1:colcon.colcon_core.package_identification:_identify(src) by extension 'ignore_ament_install'
[2.311s] Level 1:colcon.colcon_core.package_identification:_identify(src) by extensions ['colcon_pkg']
[2.311s] Level 1:colcon.colcon_core.package_identification:_identify(src) by extension 'colcon_pkg'
[2.311s] Level 1:colcon.colcon_core.package_identification:_identify(src) by extensions ['colcon_meta']
[2.312s] Level 1:colcon.colcon_core.package_identification:_identify(src) by extension 'colcon_meta'
[2.312s] Level 1:colcon.colcon_core.package_identification:_identify(src) by extensions ['ros']
[2.312s] Level 1:colcon.colcon_core.package_identification:_identify(src) by extension 'ros'
[2.312s] Level 1:colcon.colcon_core.package_identification:_identify(src) by extensions ['cmake', 'python']
[2.313s] Level 1:colcon.colcon_core.package_identification:_identify(src) by extension 'cmake'
[2.313s] Level 1:colcon.colcon_core.package_identification:_identify(src) by extension 'python'
[2.313s] Level 1:colcon.colcon_core.package_identification:_identify(src) by extensions ['python_setup_py']
[2.313s] Level 1:colcon.colcon_core.package_identification:_identify(src) by extension 'python_setup_py'
[2.314s] Level 1:colcon.colcon_core.package_identification:_identify(src/audio) by extensions ['ignore', 'ignore_ament_install']
[2.314s] Level 1:colcon.colcon_core.package_identification:_identify(src/audio) by extension 'ignore'
[2.314s] Level 1:colcon.colcon_core.package_identification:_identify(src/audio) by extension 'ignore_ament_install'
[2.315s] Level 1:colcon.colcon_core.package_identification:_identify(src/audio) by extensions ['colcon_pkg']
[2.315s] Level 1:colcon.colcon_core.package_identification:_identify(src/audio) by extension 'colcon_pkg'
[2.316s] Level 1:colcon.colcon_core.package_identification:_identify(src/audio) by extensions ['colcon_meta']
[2.316s] Level 1:colcon.colcon_core.package_identification:_identify(src/audio) by extension 'colcon_meta'
[2.316s] Level 1:colcon.colcon_core.package_identification:_identify(src/audio) by extensions ['ros']
[2.317s] Level 1:colcon.colcon_core.package_identification:_identify(src/audio) by extension 'ros'
[2.317s] Level 1:colcon.colcon_core.package_identification:_identify(src/audio) by extensions ['cmake', 'python']
[2.318s] Level 1:colcon.colcon_core.package_identification:_identify(src/audio) by extension 'cmake'
[2.318s] Level 1:colcon.colcon_core.package_identification:_identify(src/audio) by extension 'python'
[2.318s] Level 1:colcon.colcon_core.package_identification:_identify(src/audio) by extensions ['python_setup_py']
[2.318s] Level 1:colcon.colcon_core.package_identification:_identify(src/audio) by extension 'python_setup_py'
[2.319s] Level 1:colcon.colcon_core.package_identification:_identify(src/build) by extensions ['ignore', 'ignore_ament_install']
[2.320s] Level 1:colcon.colcon_core.package_identification:_identify(src/build) by extension 'ignore'
[2.320s] Level 1:colcon.colcon_core.package_identification:_identify(src/build) ignored
[2.321s] Level 1:colcon.colcon_core.package_identification:_identify(src/install) by extensions ['ignore', 'ignore_ament_install']
[2.321s] Level 1:colcon.colcon_core.package_identification:_identify(src/install) by extension 'ignore'
[2.322s] Level 1:colcon.colcon_core.package_identification:_identify(src/install) ignored
[2.323s] Level 1:colcon.colcon_core.package_identification:_identify(src/log) by extensions ['ignore', 'ignore_ament_install']
[2.323s] Level 1:colcon.colcon_core.package_identification:_identify(src/log) by extension 'ignore'
[2.323s] Level 1:colcon.colcon_core.package_identification:_identify(src/log) ignored
[2.324s] Level 1:colcon.colcon_core.package_identification:_identify(src/robot_catch_pkg) by extensions ['ignore', 'ignore_ament_install']
[2.324s] Level 1:colcon.colcon_core.package_identification:_identify(src/robot_catch_pkg) by extension 'ignore'
[2.325s] Level 1:colcon.colcon_core.package_identification:_identify(src/robot_catch_pkg) by extension 'ignore_ament_install'
[2.325s] Level 1:colcon.colcon_core.package_identification:_identify(src/robot_catch_pkg) by extensions ['colcon_pkg']
[2.325s] Level 1:colcon.colcon_core.package_identification:_identify(src/robot_catch_pkg) by extension 'colcon_pkg'
[2.326s] Level 1:colcon.colcon_core.package_identification:_identify(src/robot_catch_pkg) by extensions ['colcon_meta']
[2.326s] Level 1:colcon.colcon_core.package_identification:_identify(src/robot_catch_pkg) by extension 'colcon_meta'
[2.326s] Level 1:colcon.colcon_core.package_identification:_identify(src/robot_catch_pkg) by extensions ['ros']
[2.326s] Level 1:colcon.colcon_core.package_identification:_identify(src/robot_catch_pkg) by extension 'ros'
[2.335s] DEBUG:colcon.colcon_core.package_identification:Package 'src/robot_catch_pkg' with type 'ros.ament_python' and name 'robot_catch_pkg'
[2.335s] Level 1:colcon.colcon_core.package_discovery:discover_packages(recursive) using defaults
[2.336s] Level 1:colcon.colcon_core.package_discovery:discover_packages(ignore) discover
[2.336s] Level 1:colcon.colcon_core.package_discovery:discover_packages(ignore) using defaults
[2.337s] Level 1:colcon.colcon_core.package_discovery:discover_packages(path) discover
[2.337s] Level 1:colcon.colcon_core.package_discovery:discover_packages(path) using defaults
[2.464s] Level 1:colcon.colcon_core.package_discovery:discover_packages(prefix_path) check parameters
[2.464s] Level 1:colcon.colcon_core.package_discovery:discover_packages(prefix_path) discover
[2.478s] DEBUG:colcon.colcon_installed_package_information.package_discovery:Found 1 installed packages in /home/ubuntu/HRI-Tom-Target/ros2_ws/install
[2.492s] DEBUG:colcon.colcon_installed_package_information.package_discovery:Found 329 installed packages in /opt/ros/humble
[2.501s] Level 1:colcon.colcon_core.package_discovery:discover_packages(prefix_path) using defaults
[2.874s] Level 5:colcon.colcon_core.verb:set package 'robot_catch_pkg' build argument 'cmake_args' from command line to 'None'
[2.875s] Level 5:colcon.colcon_core.verb:set package 'robot_catch_pkg' build argument 'cmake_target' from command line to 'None'
[2.875s] Level 5:colcon.colcon_core.verb:set package 'robot_catch_pkg' build argument 'cmake_target_skip_unavailable' from command line to 'False'
[2.875s] Level 5:colcon.colcon_core.verb:set package 'robot_catch_pkg' build argument 'cmake_clean_cache' from command line to 'False'
[2.875s] Level 5:colcon.colcon_core.verb:set package 'robot_catch_pkg' build argument 'cmake_clean_first' from command line to 'False'
[2.875s] Level 5:colcon.colcon_core.verb:set package 'robot_catch_pkg' build argument 'cmake_force_configure' from command line to 'False'
[2.875s] Level 5:colcon.colcon_core.verb:set package 'robot_catch_pkg' build argument 'ament_cmake_args' from command line to 'None'
[2.876s] Level 5:colcon.colcon_core.verb:set package 'robot_catch_pkg' build argument 'catkin_cmake_args' from command line to 'None'
[2.876s] Level 5:colcon.colcon_core.verb:set package 'robot_catch_pkg' build argument 'catkin_skip_building_tests' from command line to 'False'
[2.876s] DEBUG:colcon.colcon_core.verb:Building package 'robot_catch_pkg' with the following arguments: {'ament_cmake_args': None, 'build_base': '/home/ubuntu/HRI-Tom-Target/ros2_ws/build/robot_catch_pkg', 'catkin_cmake_args': None, 'catkin_skip_building_tests': False, 'cmake_args': None, 'cmake_clean_cache': False, 'cmake_clean_first': False, 'cmake_force_configure': False, 'cmake_target': None, 'cmake_target_skip_unavailable': False, 'install_base': '/home/ubuntu/HRI-Tom-Target/ros2_ws/install/robot_catch_pkg', 'merge_install': False, 'path': '/home/ubuntu/HRI-Tom-Target/ros2_ws/src/robot_catch_pkg', 'symlink_install': False, 'test_result_base': None}
[2.879s] INFO:colcon.colcon_core.executor:Executing jobs using 'parallel' executor
[2.896s] DEBUG:colcon.colcon_parallel_executor.executor.parallel:run_until_complete
[2.898s] INFO:colcon.colcon_ros.task.ament_python.build:Building ROS package in '/home/ubuntu/HRI-Tom-Target/ros2_ws/src/robot_catch_pkg' with build type 'ament_python'
[2.900s] Level 1:colcon.colcon_core.shell:create_environment_hook('robot_catch_pkg', 'ament_prefix_path')
[2.930s] INFO:colcon.colcon_core.plugin_system:Skipping extension 'colcon_core.shell.bat': Not used on non-Windows systems
[2.934s] INFO:colcon.colcon_core.shell:Creating environment hook '/home/ubuntu/HRI-Tom-Target/ros2_ws/install/robot_catch_pkg/share/robot_catch_pkg/hook/ament_prefix_path.ps1'
[2.939s] INFO:colcon.colcon_core.shell:Creating environment descriptor '/home/ubuntu/HRI-Tom-Target/ros2_ws/install/robot_catch_pkg/share/robot_catch_pkg/hook/ament_prefix_path.dsv'
[2.943s] INFO:colcon.colcon_core.shell:Creating environment hook '/home/ubuntu/HRI-Tom-Target/ros2_ws/install/robot_catch_pkg/share/robot_catch_pkg/hook/ament_prefix_path.sh'
[2.958s] INFO:colcon.colcon_core.shell:Skip shell extension 'powershell' for command environment: Not usable outside of PowerShell
[2.960s] DEBUG:colcon.colcon_core.shell:Skip shell extension 'dsv' for command environment
[4.766s] INFO:colcon.colcon_core.task.python.build:Building Python package in '/home/ubuntu/HRI-Tom-Target/ros2_ws/src/robot_catch_pkg'
[4.775s] INFO:colcon.colcon_core.shell:Skip shell extension 'powershell' for command environment: Not usable outside of PowerShell
[4.776s] DEBUG:colcon.colcon_core.shell:Skip shell extension 'dsv' for command environment
[7.169s] DEBUG:colcon.colcon_core.event_handler.log_command:Invoking command in '/home/ubuntu/HRI-Tom-Target/ros2_ws/src/robot_catch_pkg': PYTHONPATH=/home/ubuntu/HRI-Tom-Target/ros2_ws/build/robot_catch_pkg/prefix_override:/home/ubuntu/HRI-Tom-Target/ros2_ws/install/robot_catch_pkg/lib/python3.10/site-packages:${PYTHONPATH} /usr/bin/python3 setup.py egg_info --egg-base ../../build/robot_catch_pkg build --build-base /home/ubuntu/HRI-Tom-Target/ros2_ws/build/robot_catch_pkg/build install --record /home/ubuntu/HRI-Tom-Target/ros2_ws/build/robot_catch_pkg/install.log --single-version-externally-managed
[9.167s] DEBUG:colcon.colcon_core.event_handler.log_command:Invoked command in '/home/ubuntu/HRI-Tom-Target/ros2_ws/src/robot_catch_pkg' returned '0': PYTHONPATH=/home/ubuntu/HRI-Tom-Target/ros2_ws/build/robot_catch_pkg/prefix_override:/home/ubuntu/HRI-Tom-Target/ros2_ws/install/robot_catch_pkg/lib/python3.10/site-packages:${PYTHONPATH} /usr/bin/python3 setup.py egg_info --egg-base ../../build/robot_catch_pkg build --build-base /home/ubuntu/HRI-Tom-Target/ros2_ws/build/robot_catch_pkg/build install --record /home/ubuntu/HRI-Tom-Target/ros2_ws/build/robot_catch_pkg/install.log --single-version-externally-managed
[9.202s] Level 1:colcon.colcon_core.environment:checking '/home/ubuntu/HRI-Tom-Target/ros2_ws/install/robot_catch_pkg' for CMake module files
[9.205s] Level 1:colcon.colcon_core.environment:checking '/home/ubuntu/HRI-Tom-Target/ros2_ws/install/robot_catch_pkg' for CMake config files
[9.214s] Level 1:colcon.colcon_core.environment:checking '/home/ubuntu/HRI-Tom-Target/ros2_ws/install/robot_catch_pkg/lib'
[9.215s] Level 1:colcon.colcon_core.environment:checking '/home/ubuntu/HRI-Tom-Target/ros2_ws/install/robot_catch_pkg/bin'
[9.216s] Level 1:colcon.colcon_core.environment:checking '/home/ubuntu/HRI-Tom-Target/ros2_ws/install/robot_catch_pkg/lib/pkgconfig/robot_catch_pkg.pc'
[9.217s] Level 1:colcon.colcon_core.environment:checking '/home/ubuntu/HRI-Tom-Target/ros2_ws/install/robot_catch_pkg/lib/python3.10/site-packages'
[9.217s] Level 1:colcon.colcon_core.shell:create_environment_hook('robot_catch_pkg', 'pythonpath')
[9.229s] INFO:colcon.colcon_core.shell:Creating environment hook '/home/ubuntu/HRI-Tom-Target/ros2_ws/install/robot_catch_pkg/share/robot_catch_pkg/hook/pythonpath.ps1'
[9.231s] INFO:colcon.colcon_core.shell:Creating environment descriptor '/home/ubuntu/HRI-Tom-Target/ros2_ws/install/robot_catch_pkg/share/robot_catch_pkg/hook/pythonpath.dsv'
[9.237s] INFO:colcon.colcon_core.shell:Creating environment hook '/home/ubuntu/HRI-Tom-Target/ros2_ws/install/robot_catch_pkg/share/robot_catch_pkg/hook/pythonpath.sh'
[9.241s] Level 1:colcon.colcon_core.environment:checking '/home/ubuntu/HRI-Tom-Target/ros2_ws/install/robot_catch_pkg/bin'
[9.242s] Level 1:colcon.colcon_core.environment:create_environment_scripts_only(robot_catch_pkg)
[9.250s] INFO:colcon.colcon_core.shell:Creating package script '/home/ubuntu/HRI-Tom-Target/ros2_ws/install/robot_catch_pkg/share/robot_catch_pkg/package.ps1'
[9.259s] INFO:colcon.colcon_core.shell:Creating package descriptor '/home/ubuntu/HRI-Tom-Target/ros2_ws/install/robot_catch_pkg/share/robot_catch_pkg/package.dsv'
[9.264s] INFO:colcon.colcon_core.shell:Creating package script '/home/ubuntu/HRI-Tom-Target/ros2_ws/install/robot_catch_pkg/share/robot_catch_pkg/package.sh'
[9.268s] INFO:colcon.colcon_core.shell:Creating package script '/home/ubuntu/HRI-Tom-Target/ros2_ws/install/robot_catch_pkg/share/robot_catch_pkg/package.bash'
[9.272s] INFO:colcon.colcon_core.shell:Creating package script '/home/ubuntu/HRI-Tom-Target/ros2_ws/install/robot_catch_pkg/share/robot_catch_pkg/package.zsh'
[9.275s] Level 1:colcon.colcon_core.environment:create_file_with_runtime_dependencies(/home/ubuntu/HRI-Tom-Target/ros2_ws/install/robot_catch_pkg/share/colcon-core/packages/robot_catch_pkg)
[9.279s] DEBUG:colcon.colcon_parallel_executor.executor.parallel:closing loop
[9.282s] DEBUG:colcon.colcon_parallel_executor.executor.parallel:loop closed
[9.282s] DEBUG:colcon.colcon_parallel_executor.executor.parallel:run_until_complete finished with '0'
[9.287s] DEBUG:colcon.colcon_core.event_reactor:joining thread
[9.319s] INFO:colcon.colcon_core.plugin_system:Skipping extension 'colcon_notification.desktop_notification.notify_send': Could not find 'notify-send'
[9.320s] INFO:colcon.colcon_core.plugin_system:Skipping extension 'colcon_notification.desktop_notification.terminal_notifier': Not used on non-Darwin systems
[9.321s] INFO:colcon.colcon_core.plugin_system:Skipping extension 'colcon_notification.desktop_notification.win32': Not used on non-Windows systems
[9.322s] INFO:colcon.colcon_notification.desktop_notification:Sending desktop notification using 'notify2'
[9.326s] DEBUG:colcon.colcon_notification.desktop_notification.notify2:Failed to initialize notify2: org.freedesktop.DBus.Error.ServiceUnknown: The name org.freedesktop.Notifications was not provided by any .service files
[9.327s] DEBUG:colcon.colcon_core.event_reactor:joined thread
[9.334s] INFO:colcon.colcon_core.shell:Creating prefix script '/home/ubuntu/HRI-Tom-Target/ros2_ws/install/local_setup.ps1'
[9.340s] INFO:colcon.colcon_core.shell:Creating prefix util module '/home/ubuntu/HRI-Tom-Target/ros2_ws/install/_local_setup_util_ps1.py'
[9.346s] INFO:colcon.colcon_core.shell:Creating prefix chain script '/home/ubuntu/HRI-Tom-Target/ros2_ws/install/setup.ps1'
[9.352s] INFO:colcon.colcon_core.shell:Creating prefix script '/home/ubuntu/HRI-Tom-Target/ros2_ws/install/local_setup.sh'
[9.356s] INFO:colcon.colcon_core.shell:Creating prefix util module '/home/ubuntu/HRI-Tom-Target/ros2_ws/install/_local_setup_util_sh.py'
[9.359s] INFO:colcon.colcon_core.shell:Creating prefix chain script '/home/ubuntu/HRI-Tom-Target/ros2_ws/install/setup.sh'
[9.366s] INFO:colcon.colcon_core.shell:Creating prefix script '/home/ubuntu/HRI-Tom-Target/ros2_ws/install/local_setup.bash'
[9.368s] INFO:colcon.colcon_core.shell:Creating prefix chain script '/home/ubuntu/HRI-Tom-Target/ros2_ws/install/setup.bash'
[9.374s] INFO:colcon.colcon_core.shell:Creating prefix script '/home/ubuntu/HRI-Tom-Target/ros2_ws/install/local_setup.zsh'
[9.378s] INFO:colcon.colcon_core.shell:Creating prefix chain script '/home/ubuntu/HRI-Tom-Target/ros2_ws/install/setup.zsh'
