[3.925s] Invoking command in '/home/ubuntu/TomTarget/ros2_ws/src/robot_catch_pkg': PYTHONPATH=/home/ubuntu/TomTarget/ros2_ws/build/robot_catch_pkg/prefix_override:/home/ubuntu/TomTarget/ros2_ws/install/robot_catch_pkg/lib/python3.10/site-packages:${PYTHONPATH} /usr/bin/python3 setup.py egg_info --egg-base ../../build/robot_catch_pkg build --build-base /home/ubuntu/TomTarget/ros2_ws/build/robot_catch_pkg/build install --record /home/ubuntu/TomTarget/ros2_ws/build/robot_catch_pkg/install.log --single-version-externally-managed
[5.489s] running egg_info
[5.492s] writing ../../build/robot_catch_pkg/robot_catch_pkg.egg-info/PKG-INFO
[5.493s] writing dependency_links to ../../build/robot_catch_pkg/robot_catch_pkg.egg-info/dependency_links.txt
[5.497s] writing entry points to ../../build/robot_catch_pkg/robot_catch_pkg.egg-info/entry_points.txt
[5.498s] writing requirements to ../../build/robot_catch_pkg/robot_catch_pkg.egg-info/requires.txt
[5.499s] writing top-level names to ../../build/robot_catch_pkg/robot_catch_pkg.egg-info/top_level.txt
[5.509s] reading manifest file '../../build/robot_catch_pkg/robot_catch_pkg.egg-info/SOURCES.txt'
[5.512s] adding license file 'LICENSE'
[5.527s] writing manifest file '../../build/robot_catch_pkg/robot_catch_pkg.egg-info/SOURCES.txt'
[5.527s] running build
[5.528s] running build_py
[5.529s] copying robot_catch_pkg/robot_catch_node.py -> /home/ubuntu/TomTarget/ros2_ws/build/robot_catch_pkg/build/lib/robot_catch_pkg
[5.535s] running install
[5.536s] running install_lib
[5.536s] copying /home/ubuntu/TomTarget/ros2_ws/build/robot_catch_pkg/build/lib/robot_catch_pkg/robot_catch_node.py -> /home/ubuntu/TomTarget/ros2_ws/install/robot_catch_pkg/lib/python3.10/site-packages/robot_catch_pkg
[5.537s] byte-compiling /home/ubuntu/TomTarget/ros2_ws/install/robot_catch_pkg/lib/python3.10/site-packages/robot_catch_pkg/robot_catch_node.py to robot_catch_node.cpython-310.pyc
[5.540s] running install_data
[5.540s] running install_egg_info
[5.550s] removing '/home/ubuntu/TomTarget/ros2_ws/install/robot_catch_pkg/lib/python3.10/site-packages/robot_catch_pkg-0.0.0-py3.10.egg-info' (and everything under it)
[5.551s] Copying ../../build/robot_catch_pkg/robot_catch_pkg.egg-info to /home/ubuntu/TomTarget/ros2_ws/install/robot_catch_pkg/lib/python3.10/site-packages/robot_catch_pkg-0.0.0-py3.10.egg-info
[5.561s] running install_scripts
[5.656s] Installing robot_catch_node script to /home/ubuntu/TomTarget/ros2_ws/install/robot_catch_pkg/lib/robot_catch_pkg
[5.657s] writing list of installed files to '/home/ubuntu/TomTarget/ros2_ws/build/robot_catch_pkg/install.log'
[5.830s] Invoked command in '/home/ubuntu/TomTarget/ros2_ws/src/robot_catch_pkg' returned '0': PYTHONPATH=/home/ubuntu/TomTarget/ros2_ws/build/robot_catch_pkg/prefix_override:/home/ubuntu/TomTarget/ros2_ws/install/robot_catch_pkg/lib/python3.10/site-packages:${PYTHONPATH} /usr/bin/python3 setup.py egg_info --egg-base ../../build/robot_catch_pkg build --build-base /home/ubuntu/TomTarget/ros2_ws/build/robot_catch_pkg/build install --record /home/ubuntu/TomTarget/ros2_ws/build/robot_catch_pkg/install.log --single-version-externally-managed
