running egg_info
creating ../build/robot_catch_pkg/robot_catch_pkg.egg-info
writing ../build/robot_catch_pkg/robot_catch_pkg.egg-info/PKG-INFO
writing dependency_links to ../build/robot_catch_pkg/robot_catch_pkg.egg-info/dependency_links.txt
writing entry points to ../build/robot_catch_pkg/robot_catch_pkg.egg-info/entry_points.txt
writing requirements to ../build/robot_catch_pkg/robot_catch_pkg.egg-info/requires.txt
writing top-level names to ../build/robot_catch_pkg/robot_catch_pkg.egg-info/top_level.txt
writing manifest file '../build/robot_catch_pkg/robot_catch_pkg.egg-info/SOURCES.txt'
reading manifest file '../build/robot_catch_pkg/robot_catch_pkg.egg-info/SOURCES.txt'
adding license file 'LICENSE'
writing manifest file '../build/robot_catch_pkg/robot_catch_pkg.egg-info/SOURCES.txt'
running build
running build_py
creating /home/ubuntu/TomTarget/ros2_ws/src/build/robot_catch_pkg/build
creating /home/ubuntu/TomTarget/ros2_ws/src/build/robot_catch_pkg/build/lib
creating /home/ubuntu/TomTarget/ros2_ws/src/build/robot_catch_pkg/build/lib/robot_catch_pkg
copying robot_catch_pkg/robot_catch_node.py -> /home/ubuntu/TomTarget/ros2_ws/src/build/robot_catch_pkg/build/lib/robot_catch_pkg
copying robot_catch_pkg/__init__.py -> /home/ubuntu/TomTarget/ros2_ws/src/build/robot_catch_pkg/build/lib/robot_catch_pkg
running install
running install_lib
creating /home/ubuntu/TomTarget/ros2_ws/src/install/robot_catch_pkg/lib/python3.10/site-packages/robot_catch_pkg
copying /home/ubuntu/TomTarget/ros2_ws/src/build/robot_catch_pkg/build/lib/robot_catch_pkg/robot_catch_node.py -> /home/ubuntu/TomTarget/ros2_ws/src/install/robot_catch_pkg/lib/python3.10/site-packages/robot_catch_pkg
copying /home/ubuntu/TomTarget/ros2_ws/src/build/robot_catch_pkg/build/lib/robot_catch_pkg/__init__.py -> /home/ubuntu/TomTarget/ros2_ws/src/install/robot_catch_pkg/lib/python3.10/site-packages/robot_catch_pkg
byte-compiling /home/ubuntu/TomTarget/ros2_ws/src/install/robot_catch_pkg/lib/python3.10/site-packages/robot_catch_pkg/robot_catch_node.py to robot_catch_node.cpython-310.pyc
byte-compiling /home/ubuntu/TomTarget/ros2_ws/src/install/robot_catch_pkg/lib/python3.10/site-packages/robot_catch_pkg/__init__.py to __init__.cpython-310.pyc
running install_data
creating /home/ubuntu/TomTarget/ros2_ws/src/install/robot_catch_pkg/share/ament_index
creating /home/ubuntu/TomTarget/ros2_ws/src/install/robot_catch_pkg/share/ament_index/resource_index
creating /home/ubuntu/TomTarget/ros2_ws/src/install/robot_catch_pkg/share/ament_index/resource_index/packages
copying resource/robot_catch_pkg -> /home/ubuntu/TomTarget/ros2_ws/src/install/robot_catch_pkg/share/ament_index/resource_index/packages
copying package.xml -> /home/ubuntu/TomTarget/ros2_ws/src/install/robot_catch_pkg/share/robot_catch_pkg
running install_egg_info
Copying ../build/robot_catch_pkg/robot_catch_pkg.egg-info to /home/ubuntu/TomTarget/ros2_ws/src/install/robot_catch_pkg/lib/python3.10/site-packages/robot_catch_pkg-0.0.0-py3.10.egg-info
running install_scripts
Installing robot_catch_node script to /home/ubuntu/TomTarget/ros2_ws/src/install/robot_catch_pkg/lib/robot_catch_pkg
writing list of installed files to '/home/ubuntu/TomTarget/ros2_ws/src/build/robot_catch_pkg/install.log'
