[12.734s] DEBUG:colcon:Command line arguments: ['/usr/bin/colcon', 'build']
[12.735s] DEBUG:colcon:Parsed command line arguments: Namespace(log_base=None, log_level=None, verb_name='build', build_base='build', install_base='install', merge_install=False, symlink_install=False, test_result_base=None, continue_on_error=False, executor='parallel', parallel_workers=4, event_handlers=None, ignore_user_meta=False, metas=['./colcon.meta'], base_paths=['.'], packages_ignore=None, packages_ignore_regex=None, paths=None, packages_up_to=None, packages_up_to_regex=None, packages_above=None, packages_above_and_dependencies=None, packages_above_depth=None, packages_select_by_dep=None, packages_skip_by_dep=None, packages_skip_up_to=None, packages_select_build_failed=False, packages_skip_build_finished=False, packages_select_test_failures=False, packages_skip_test_passed=False, packages_select=None, packages_skip=None, packages_select_regex=None, packages_skip_regex=None, packages_start=None, packages_end=None, allow_overriding=[], cmake_args=None, cmake_target=None, cmake_target_skip_unavailable=False, cmake_clean_cache=False, cmake_clean_first=False, cmake_force_configure=False, ament_cmake_args=None, catkin_cmake_args=None, catkin_skip_building_tests=False, verb_parser=<colcon_defaults.argument_parser.defaults.DefaultArgumentsDecorator object at 0xffff9cf3b970>, verb_extension=<colcon_core.verb.build.BuildVerb object at 0xffff9cf3b400>, main=<bound method BuildVerb.main of <colcon_core.verb.build.BuildVerb object at 0xffff9cf3b400>>)
[13.922s] Level 1:colcon.colcon_core.package_discovery:discover_packages(colcon_meta) check parameters
[13.929s] Level 1:colcon.colcon_core.package_discovery:discover_packages(recursive) check parameters
[13.930s] Level 1:colcon.colcon_core.package_discovery:discover_packages(ignore) check parameters
[13.959s] Level 1:colcon.colcon_core.package_discovery:discover_packages(path) check parameters
[13.960s] Level 1:colcon.colcon_core.package_discovery:discover_packages(colcon_meta) discover
[13.960s] Level 1:colcon.colcon_core.package_discovery:discover_packages(recursive) discover
[13.970s] INFO:colcon.colcon_core.package_discovery:Crawling recursively for packages in '/home/ubuntu/HRI-Tom-Target/ros2_ws'
[13.972s] Level 1:colcon.colcon_core.package_identification:_identify(.) by extensions ['ignore', 'ignore_ament_install']
[13.987s] Level 1:colcon.colcon_core.package_identification:_identify(.) by extension 'ignore'
[13.993s] Level 1:colcon.colcon_core.package_identification:_identify(.) by extension 'ignore_ament_install'
[13.994s] Level 1:colcon.colcon_core.package_identification:_identify(.) by extensions ['colcon_pkg']
[13.996s] Level 1:colcon.colcon_core.package_identification:_identify(.) by extension 'colcon_pkg'
[14.002s] Level 1:colcon.colcon_core.package_identification:_identify(.) by extensions ['colcon_meta']
[14.013s] Level 1:colcon.colcon_core.package_identification:_identify(.) by extension 'colcon_meta'
[14.016s] Level 1:colcon.colcon_core.package_identification:_identify(.) by extensions ['ros']
[14.018s] Level 1:colcon.colcon_core.package_identification:_identify(.) by extension 'ros'
[14.475s] Level 1:colcon.colcon_core.package_identification:_identify(.) by extensions ['cmake', 'python']
[14.476s] Level 1:colcon.colcon_core.package_identification:_identify(.) by extension 'cmake'
[14.478s] Level 1:colcon.colcon_core.package_identification:_identify(.) by extension 'python'
[14.478s] Level 1:colcon.colcon_core.package_identification:_identify(.) by extensions ['python_setup_py']
[14.479s] Level 1:colcon.colcon_core.package_identification:_identify(.) by extension 'python_setup_py'
[14.489s] Level 1:colcon.colcon_core.package_identification:_identify(build) by extensions ['ignore', 'ignore_ament_install']
[14.490s] Level 1:colcon.colcon_core.package_identification:_identify(build) by extension 'ignore'
[14.511s] Level 1:colcon.colcon_core.package_identification:_identify(build) ignored
[14.517s] Level 1:colcon.colcon_core.package_identification:_identify(install) by extensions ['ignore', 'ignore_ament_install']
[14.518s] Level 1:colcon.colcon_core.package_identification:_identify(install) by extension 'ignore'
[14.519s] Level 1:colcon.colcon_core.package_identification:_identify(install) ignored
[14.539s] Level 1:colcon.colcon_core.package_identification:_identify(log) by extensions ['ignore', 'ignore_ament_install']
[14.550s] Level 1:colcon.colcon_core.package_identification:_identify(log) by extension 'ignore'
[14.561s] Level 1:colcon.colcon_core.package_identification:_identify(log) ignored
[14.576s] Level 1:colcon.colcon_core.package_identification:_identify(src) by extensions ['ignore', 'ignore_ament_install']
[14.577s] Level 1:colcon.colcon_core.package_identification:_identify(src) by extension 'ignore'
[14.578s] Level 1:colcon.colcon_core.package_identification:_identify(src) by extension 'ignore_ament_install'
[14.579s] Level 1:colcon.colcon_core.package_identification:_identify(src) by extensions ['colcon_pkg']
[14.579s] Level 1:colcon.colcon_core.package_identification:_identify(src) by extension 'colcon_pkg'
[14.594s] Level 1:colcon.colcon_core.package_identification:_identify(src) by extensions ['colcon_meta']
[14.594s] Level 1:colcon.colcon_core.package_identification:_identify(src) by extension 'colcon_meta'
[14.595s] Level 1:colcon.colcon_core.package_identification:_identify(src) by extensions ['ros']
[14.595s] Level 1:colcon.colcon_core.package_identification:_identify(src) by extension 'ros'
[14.611s] Level 1:colcon.colcon_core.package_identification:_identify(src) by extensions ['cmake', 'python']
[14.611s] Level 1:colcon.colcon_core.package_identification:_identify(src) by extension 'cmake'
[14.624s] Level 1:colcon.colcon_core.package_identification:_identify(src) by extension 'python'
[14.635s] Level 1:colcon.colcon_core.package_identification:_identify(src) by extensions ['python_setup_py']
[14.636s] Level 1:colcon.colcon_core.package_identification:_identify(src) by extension 'python_setup_py'
[14.637s] Level 1:colcon.colcon_core.package_identification:_identify(src/audio) by extensions ['ignore', 'ignore_ament_install']
[14.638s] Level 1:colcon.colcon_core.package_identification:_identify(src/audio) by extension 'ignore'
[14.639s] Level 1:colcon.colcon_core.package_identification:_identify(src/audio) by extension 'ignore_ament_install'
[14.755s] Level 1:colcon.colcon_core.package_identification:_identify(src/audio) by extensions ['colcon_pkg']
[14.755s] Level 1:colcon.colcon_core.package_identification:_identify(src/audio) by extension 'colcon_pkg'
[14.780s] Level 1:colcon.colcon_core.package_identification:_identify(src/audio) by extensions ['colcon_meta']
[14.789s] Level 1:colcon.colcon_core.package_identification:_identify(src/audio) by extension 'colcon_meta'
[14.797s] Level 1:colcon.colcon_core.package_identification:_identify(src/audio) by extensions ['ros']
[14.799s] Level 1:colcon.colcon_core.package_identification:_identify(src/audio) by extension 'ros'
[14.809s] Level 1:colcon.colcon_core.package_identification:_identify(src/audio) by extensions ['cmake', 'python']
[14.814s] Level 1:colcon.colcon_core.package_identification:_identify(src/audio) by extension 'cmake'
[14.819s] Level 1:colcon.colcon_core.package_identification:_identify(src/audio) by extension 'python'
[14.857s] Level 1:colcon.colcon_core.package_identification:_identify(src/audio) by extensions ['python_setup_py']
[14.871s] Level 1:colcon.colcon_core.package_identification:_identify(src/audio) by extension 'python_setup_py'
[14.880s] Level 1:colcon.colcon_core.package_identification:_identify(src/build) by extensions ['ignore', 'ignore_ament_install']
[14.883s] Level 1:colcon.colcon_core.package_identification:_identify(src/build) by extension 'ignore'
[14.893s] Level 1:colcon.colcon_core.package_identification:_identify(src/build) ignored
[14.895s] Level 1:colcon.colcon_core.package_identification:_identify(src/install) by extensions ['ignore', 'ignore_ament_install']
[14.896s] Level 1:colcon.colcon_core.package_identification:_identify(src/install) by extension 'ignore'
[14.904s] Level 1:colcon.colcon_core.package_identification:_identify(src/install) ignored
[14.907s] Level 1:colcon.colcon_core.package_identification:_identify(src/log) by extensions ['ignore', 'ignore_ament_install']
[14.911s] Level 1:colcon.colcon_core.package_identification:_identify(src/log) by extension 'ignore'
[14.916s] Level 1:colcon.colcon_core.package_identification:_identify(src/log) ignored
[14.932s] Level 1:colcon.colcon_core.package_identification:_identify(src/robot_catch_pkg) by extensions ['ignore', 'ignore_ament_install']
[14.948s] Level 1:colcon.colcon_core.package_identification:_identify(src/robot_catch_pkg) by extension 'ignore'
[14.950s] Level 1:colcon.colcon_core.package_identification:_identify(src/robot_catch_pkg) by extension 'ignore_ament_install'
[14.951s] Level 1:colcon.colcon_core.package_identification:_identify(src/robot_catch_pkg) by extensions ['colcon_pkg']
[14.986s] Level 1:colcon.colcon_core.package_identification:_identify(src/robot_catch_pkg) by extension 'colcon_pkg'
[14.987s] Level 1:colcon.colcon_core.package_identification:_identify(src/robot_catch_pkg) by extensions ['colcon_meta']
[14.993s] Level 1:colcon.colcon_core.package_identification:_identify(src/robot_catch_pkg) by extension 'colcon_meta'
[14.994s] Level 1:colcon.colcon_core.package_identification:_identify(src/robot_catch_pkg) by extensions ['ros']
[14.995s] Level 1:colcon.colcon_core.package_identification:_identify(src/robot_catch_pkg) by extension 'ros'
[15.110s] DEBUG:colcon.colcon_core.package_identification:Package 'src/robot_catch_pkg' with type 'ros.ament_python' and name 'robot_catch_pkg'
[15.120s] Level 1:colcon.colcon_core.package_discovery:discover_packages(recursive) using defaults
[15.126s] Level 1:colcon.colcon_core.package_discovery:discover_packages(ignore) discover
[15.127s] Level 1:colcon.colcon_core.package_discovery:discover_packages(ignore) using defaults
[15.129s] Level 1:colcon.colcon_core.package_discovery:discover_packages(path) discover
[15.130s] Level 1:colcon.colcon_core.package_discovery:discover_packages(path) using defaults
[16.464s] Level 1:colcon.colcon_core.package_discovery:discover_packages(prefix_path) check parameters
[16.465s] Level 1:colcon.colcon_core.package_discovery:discover_packages(prefix_path) discover
[16.779s] DEBUG:colcon.colcon_installed_package_information.package_discovery:Found 1 installed packages in /home/ubuntu/HRI-Tom-Target/ros2_ws/install
[16.870s] DEBUG:colcon.colcon_installed_package_information.package_discovery:Found 1 installed packages in /home/ubuntu/ros2_ws/install
[17.152s] DEBUG:colcon.colcon_installed_package_information.package_discovery:Found 329 installed packages in /opt/ros/humble
[17.336s] Level 1:colcon.colcon_core.package_discovery:discover_packages(prefix_path) using defaults
[20.332s] Level 5:colcon.colcon_core.verb:set package 'robot_catch_pkg' build argument 'cmake_args' from command line to 'None'
[20.333s] Level 5:colcon.colcon_core.verb:set package 'robot_catch_pkg' build argument 'cmake_target' from command line to 'None'
[20.333s] Level 5:colcon.colcon_core.verb:set package 'robot_catch_pkg' build argument 'cmake_target_skip_unavailable' from command line to 'False'
[20.334s] Level 5:colcon.colcon_core.verb:set package 'robot_catch_pkg' build argument 'cmake_clean_cache' from command line to 'False'
[20.334s] Level 5:colcon.colcon_core.verb:set package 'robot_catch_pkg' build argument 'cmake_clean_first' from command line to 'False'
[20.334s] Level 5:colcon.colcon_core.verb:set package 'robot_catch_pkg' build argument 'cmake_force_configure' from command line to 'False'
[20.334s] Level 5:colcon.colcon_core.verb:set package 'robot_catch_pkg' build argument 'ament_cmake_args' from command line to 'None'
[20.335s] Level 5:colcon.colcon_core.verb:set package 'robot_catch_pkg' build argument 'catkin_cmake_args' from command line to 'None'
[20.335s] Level 5:colcon.colcon_core.verb:set package 'robot_catch_pkg' build argument 'catkin_skip_building_tests' from command line to 'False'
[20.335s] DEBUG:colcon.colcon_core.verb:Building package 'robot_catch_pkg' with the following arguments: {'ament_cmake_args': None, 'build_base': '/home/ubuntu/HRI-Tom-Target/ros2_ws/build/robot_catch_pkg', 'catkin_cmake_args': None, 'catkin_skip_building_tests': False, 'cmake_args': None, 'cmake_clean_cache': False, 'cmake_clean_first': False, 'cmake_force_configure': False, 'cmake_target': None, 'cmake_target_skip_unavailable': False, 'install_base': '/home/ubuntu/HRI-Tom-Target/ros2_ws/install/robot_catch_pkg', 'merge_install': False, 'path': '/home/ubuntu/HRI-Tom-Target/ros2_ws/src/robot_catch_pkg', 'symlink_install': False, 'test_result_base': None}
[20.341s] INFO:colcon.colcon_core.executor:Executing jobs using 'parallel' executor
[20.387s] DEBUG:colcon.colcon_parallel_executor.executor.parallel:run_until_complete
[20.389s] INFO:colcon.colcon_ros.task.ament_python.build:Building ROS package in '/home/ubuntu/HRI-Tom-Target/ros2_ws/src/robot_catch_pkg' with build type 'ament_python'
[20.389s] Level 1:colcon.colcon_core.shell:create_environment_hook('robot_catch_pkg', 'ament_prefix_path')
[20.512s] INFO:colcon.colcon_core.plugin_system:Skipping extension 'colcon_core.shell.bat': Not used on non-Windows systems
[20.514s] INFO:colcon.colcon_core.shell:Creating environment hook '/home/ubuntu/HRI-Tom-Target/ros2_ws/install/robot_catch_pkg/share/robot_catch_pkg/hook/ament_prefix_path.ps1'
[20.521s] INFO:colcon.colcon_core.shell:Creating environment descriptor '/home/ubuntu/HRI-Tom-Target/ros2_ws/install/robot_catch_pkg/share/robot_catch_pkg/hook/ament_prefix_path.dsv'
[20.535s] INFO:colcon.colcon_core.shell:Creating environment hook '/home/ubuntu/HRI-Tom-Target/ros2_ws/install/robot_catch_pkg/share/robot_catch_pkg/hook/ament_prefix_path.sh'
[20.563s] INFO:colcon.colcon_core.shell:Skip shell extension 'powershell' for command environment: Not usable outside of PowerShell
[20.565s] DEBUG:colcon.colcon_core.shell:Skip shell extension 'dsv' for command environment
[26.424s] INFO:colcon.colcon_core.task.python.build:Building Python package in '/home/ubuntu/HRI-Tom-Target/ros2_ws/src/robot_catch_pkg'
[26.494s] INFO:colcon.colcon_core.shell:Skip shell extension 'powershell' for command environment: Not usable outside of PowerShell
[26.542s] DEBUG:colcon.colcon_core.shell:Skip shell extension 'dsv' for command environment
[36.354s] DEBUG:colcon.colcon_core.event_handler.log_command:Invoking command in '/home/ubuntu/HRI-Tom-Target/ros2_ws/src/robot_catch_pkg': PYTHONPATH=/home/ubuntu/HRI-Tom-Target/ros2_ws/build/robot_catch_pkg/prefix_override:/home/ubuntu/HRI-Tom-Target/ros2_ws/install/robot_catch_pkg/lib/python3.10/site-packages:${PYTHONPATH} /usr/bin/python3 setup.py egg_info --egg-base ../../build/robot_catch_pkg build --build-base /home/ubuntu/HRI-Tom-Target/ros2_ws/build/robot_catch_pkg/build install --record /home/ubuntu/HRI-Tom-Target/ros2_ws/build/robot_catch_pkg/install.log --single-version-externally-managed
[46.187s] DEBUG:colcon.colcon_core.event_handler.log_command:Invoked command in '/home/ubuntu/HRI-Tom-Target/ros2_ws/src/robot_catch_pkg' returned '0': PYTHONPATH=/home/ubuntu/HRI-Tom-Target/ros2_ws/build/robot_catch_pkg/prefix_override:/home/ubuntu/HRI-Tom-Target/ros2_ws/install/robot_catch_pkg/lib/python3.10/site-packages:${PYTHONPATH} /usr/bin/python3 setup.py egg_info --egg-base ../../build/robot_catch_pkg build --build-base /home/ubuntu/HRI-Tom-Target/ros2_ws/build/robot_catch_pkg/build install --record /home/ubuntu/HRI-Tom-Target/ros2_ws/build/robot_catch_pkg/install.log --single-version-externally-managed
[46.281s] Level 1:colcon.colcon_core.environment:checking '/home/ubuntu/HRI-Tom-Target/ros2_ws/install/robot_catch_pkg' for CMake module files
[46.286s] Level 1:colcon.colcon_core.environment:checking '/home/ubuntu/HRI-Tom-Target/ros2_ws/install/robot_catch_pkg' for CMake config files
[46.294s] Level 1:colcon.colcon_core.environment:checking '/home/ubuntu/HRI-Tom-Target/ros2_ws/install/robot_catch_pkg/lib'
[46.297s] Level 1:colcon.colcon_core.environment:checking '/home/ubuntu/HRI-Tom-Target/ros2_ws/install/robot_catch_pkg/bin'
[46.299s] Level 1:colcon.colcon_core.environment:checking '/home/ubuntu/HRI-Tom-Target/ros2_ws/install/robot_catch_pkg/lib/pkgconfig/robot_catch_pkg.pc'
[46.305s] Level 1:colcon.colcon_core.environment:checking '/home/ubuntu/HRI-Tom-Target/ros2_ws/install/robot_catch_pkg/lib/python3.10/site-packages'
[46.306s] Level 1:colcon.colcon_core.shell:create_environment_hook('robot_catch_pkg', 'pythonpath')
[46.421s] INFO:colcon.colcon_core.shell:Creating environment hook '/home/ubuntu/HRI-Tom-Target/ros2_ws/install/robot_catch_pkg/share/robot_catch_pkg/hook/pythonpath.ps1'
[46.448s] INFO:colcon.colcon_core.shell:Creating environment descriptor '/home/ubuntu/HRI-Tom-Target/ros2_ws/install/robot_catch_pkg/share/robot_catch_pkg/hook/pythonpath.dsv'
[46.528s] INFO:colcon.colcon_core.shell:Creating environment hook '/home/ubuntu/HRI-Tom-Target/ros2_ws/install/robot_catch_pkg/share/robot_catch_pkg/hook/pythonpath.sh'
[46.569s] Level 1:colcon.colcon_core.environment:checking '/home/ubuntu/HRI-Tom-Target/ros2_ws/install/robot_catch_pkg/bin'
[46.589s] Level 1:colcon.colcon_core.environment:create_environment_scripts_only(robot_catch_pkg)
[46.653s] INFO:colcon.colcon_core.shell:Creating package script '/home/ubuntu/HRI-Tom-Target/ros2_ws/install/robot_catch_pkg/share/robot_catch_pkg/package.ps1'
[46.780s] INFO:colcon.colcon_core.shell:Creating package descriptor '/home/ubuntu/HRI-Tom-Target/ros2_ws/install/robot_catch_pkg/share/robot_catch_pkg/package.dsv'
[46.901s] INFO:colcon.colcon_core.shell:Creating package script '/home/ubuntu/HRI-Tom-Target/ros2_ws/install/robot_catch_pkg/share/robot_catch_pkg/package.sh'
[46.967s] INFO:colcon.colcon_core.shell:Creating package script '/home/ubuntu/HRI-Tom-Target/ros2_ws/install/robot_catch_pkg/share/robot_catch_pkg/package.bash'
[47.089s] INFO:colcon.colcon_core.shell:Creating package script '/home/ubuntu/HRI-Tom-Target/ros2_ws/install/robot_catch_pkg/share/robot_catch_pkg/package.zsh'
[47.206s] Level 1:colcon.colcon_core.environment:create_file_with_runtime_dependencies(/home/ubuntu/HRI-Tom-Target/ros2_ws/install/robot_catch_pkg/share/colcon-core/packages/robot_catch_pkg)
[47.211s] DEBUG:colcon.colcon_parallel_executor.executor.parallel:closing loop
[47.213s] DEBUG:colcon.colcon_parallel_executor.executor.parallel:loop closed
[47.216s] DEBUG:colcon.colcon_parallel_executor.executor.parallel:run_until_complete finished with '0'
[47.217s] DEBUG:colcon.colcon_core.event_reactor:joining thread
[47.383s] INFO:colcon.colcon_core.plugin_system:Skipping extension 'colcon_notification.desktop_notification.notify_send': Could not find 'notify-send'
[47.384s] INFO:colcon.colcon_core.plugin_system:Skipping extension 'colcon_notification.desktop_notification.terminal_notifier': Not used on non-Darwin systems
[47.386s] INFO:colcon.colcon_core.plugin_system:Skipping extension 'colcon_notification.desktop_notification.win32': Not used on non-Windows systems
[47.387s] INFO:colcon.colcon_notification.desktop_notification:Sending desktop notification using 'notify2'
[47.421s] DEBUG:colcon.colcon_notification.desktop_notification.notify2:Failed to initialize notify2: org.freedesktop.DBus.Error.ServiceUnknown: The name org.freedesktop.Notifications was not provided by any .service files
[47.444s] DEBUG:colcon.colcon_core.event_reactor:joined thread
[47.474s] INFO:colcon.colcon_core.shell:Creating prefix script '/home/ubuntu/HRI-Tom-Target/ros2_ws/install/local_setup.ps1'
[47.525s] INFO:colcon.colcon_core.shell:Creating prefix util module '/home/ubuntu/HRI-Tom-Target/ros2_ws/install/_local_setup_util_ps1.py'
[47.574s] INFO:colcon.colcon_core.shell:Creating prefix chain script '/home/ubuntu/HRI-Tom-Target/ros2_ws/install/setup.ps1'
[47.621s] INFO:colcon.colcon_core.shell:Creating prefix script '/home/ubuntu/HRI-Tom-Target/ros2_ws/install/local_setup.sh'
[47.636s] INFO:colcon.colcon_core.shell:Creating prefix util module '/home/ubuntu/HRI-Tom-Target/ros2_ws/install/_local_setup_util_sh.py'
[47.641s] INFO:colcon.colcon_core.shell:Creating prefix chain script '/home/ubuntu/HRI-Tom-Target/ros2_ws/install/setup.sh'
[47.654s] INFO:colcon.colcon_core.shell:Creating prefix script '/home/ubuntu/HRI-Tom-Target/ros2_ws/install/local_setup.bash'
[47.662s] INFO:colcon.colcon_core.shell:Creating prefix chain script '/home/ubuntu/HRI-Tom-Target/ros2_ws/install/setup.bash'
[47.681s] INFO:colcon.colcon_core.shell:Creating prefix script '/home/ubuntu/HRI-Tom-Target/ros2_ws/install/local_setup.zsh'
[47.700s] INFO:colcon.colcon_core.shell:Creating prefix chain script '/home/ubuntu/HRI-Tom-Target/ros2_ws/install/setup.zsh'
