[3.394s] Invoking command in '/home/ubuntu/TomTarget/ros2_ws/src/robot_catch_pkg': PYTHONPATH=/home/ubuntu/TomTarget/ros2_ws/src/build/robot_catch_pkg/prefix_override:/home/ubuntu/TomTarget/ros2_ws/src/install/robot_catch_pkg/lib/python3.10/site-packages:${PYTHONPATH} /usr/bin/python3 setup.py egg_info --egg-base ../build/robot_catch_pkg build --build-base /home/ubuntu/TomTarget/ros2_ws/src/build/robot_catch_pkg/build install --record /home/ubuntu/TomTarget/ros2_ws/src/build/robot_catch_pkg/install.log --single-version-externally-managed
[4.728s] running egg_info
[4.734s] writing ../build/robot_catch_pkg/robot_catch_pkg.egg-info/PKG-INFO
[4.740s] writing dependency_links to ../build/robot_catch_pkg/robot_catch_pkg.egg-info/dependency_links.txt
[4.740s] writing entry points to ../build/robot_catch_pkg/robot_catch_pkg.egg-info/entry_points.txt
[4.741s] writing requirements to ../build/robot_catch_pkg/robot_catch_pkg.egg-info/requires.txt
[4.749s] writing top-level names to ../build/robot_catch_pkg/robot_catch_pkg.egg-info/top_level.txt
[4.751s] reading manifest file '../build/robot_catch_pkg/robot_catch_pkg.egg-info/SOURCES.txt'
[4.751s] adding license file 'LICENSE'
[4.752s] writing manifest file '../build/robot_catch_pkg/robot_catch_pkg.egg-info/SOURCES.txt'
[4.753s] running build
[4.754s] running build_py
[4.756s] copying robot_catch_pkg/robot_catch_node.py -> /home/ubuntu/TomTarget/ros2_ws/src/build/robot_catch_pkg/build/lib/robot_catch_pkg
[4.759s] running install
[4.761s] running install_lib
[4.766s] copying /home/ubuntu/TomTarget/ros2_ws/src/build/robot_catch_pkg/build/lib/robot_catch_pkg/robot_catch_node.py -> /home/ubuntu/TomTarget/ros2_ws/src/install/robot_catch_pkg/lib/python3.10/site-packages/robot_catch_pkg
[4.771s] byte-compiling /home/ubuntu/TomTarget/ros2_ws/src/install/robot_catch_pkg/lib/python3.10/site-packages/robot_catch_pkg/robot_catch_node.py to robot_catch_node.cpython-310.pyc
[4.777s] running install_data
[4.781s] running install_egg_info
[4.790s] removing '/home/ubuntu/TomTarget/ros2_ws/src/install/robot_catch_pkg/lib/python3.10/site-packages/robot_catch_pkg-0.0.0-py3.10.egg-info' (and everything under it)
[4.793s] Copying ../build/robot_catch_pkg/robot_catch_pkg.egg-info to /home/ubuntu/TomTarget/ros2_ws/src/install/robot_catch_pkg/lib/python3.10/site-packages/robot_catch_pkg-0.0.0-py3.10.egg-info
[4.802s] running install_scripts
[4.887s] Installing robot_catch_node script to /home/ubuntu/TomTarget/ros2_ws/src/install/robot_catch_pkg/lib/robot_catch_pkg
[4.888s] writing list of installed files to '/home/ubuntu/TomTarget/ros2_ws/src/build/robot_catch_pkg/install.log'
[5.039s] Invoked command in '/home/ubuntu/TomTarget/ros2_ws/src/robot_catch_pkg' returned '0': PYTHONPATH=/home/ubuntu/TomTarget/ros2_ws/src/build/robot_catch_pkg/prefix_override:/home/ubuntu/TomTarget/ros2_ws/src/install/robot_catch_pkg/lib/python3.10/site-packages:${PYTHONPATH} /usr/bin/python3 setup.py egg_info --egg-base ../build/robot_catch_pkg build --build-base /home/ubuntu/TomTarget/ros2_ws/src/build/robot_catch_pkg/build install --record /home/ubuntu/TomTarget/ros2_ws/src/build/robot_catch_pkg/install.log --single-version-externally-managed
