[2.250s] DEBUG:colcon:Command line arguments: ['/usr/bin/colcon', 'build']
[2.251s] DEBUG:colcon:Parsed command line arguments: Namespace(log_base=None, log_level=None, verb_name='build', build_base='build', install_base='install', merge_install=False, symlink_install=False, test_result_base=None, continue_on_error=False, executor='parallel', parallel_workers=4, event_handlers=None, ignore_user_meta=False, metas=['./colcon.meta'], base_paths=['.'], packages_ignore=None, packages_ignore_regex=None, paths=None, packages_up_to=None, packages_up_to_regex=None, packages_above=None, packages_above_and_dependencies=None, packages_above_depth=None, packages_select_by_dep=None, packages_skip_by_dep=None, packages_skip_up_to=None, packages_select_build_failed=False, packages_skip_build_finished=False, packages_select_test_failures=False, packages_skip_test_passed=False, packages_select=None, packages_skip=None, packages_select_regex=None, packages_skip_regex=None, packages_start=None, packages_end=None, allow_overriding=[], cmake_args=None, cmake_target=None, cmake_target_skip_unavailable=False, cmake_clean_cache=False, cmake_clean_first=False, cmake_force_configure=False, ament_cmake_args=None, catkin_cmake_args=None, catkin_skip_building_tests=False, verb_parser=<colcon_defaults.argument_parser.defaults.DefaultArgumentsDecorator object at 0xffffad0c38e0>, verb_extension=<colcon_core.verb.build.BuildVerb object at 0xffffad0c3370>, main=<bound method BuildVerb.main of <colcon_core.verb.build.BuildVerb object at 0xffffad0c3370>>)
[2.400s] Level 1:colcon.colcon_core.package_discovery:discover_packages(colcon_meta) check parameters
[2.401s] Level 1:colcon.colcon_core.package_discovery:discover_packages(recursive) check parameters
[2.401s] Level 1:colcon.colcon_core.package_discovery:discover_packages(ignore) check parameters
[2.401s] Level 1:colcon.colcon_core.package_discovery:discover_packages(path) check parameters
[2.402s] Level 1:colcon.colcon_core.package_discovery:discover_packages(colcon_meta) discover
[2.402s] Level 1:colcon.colcon_core.package_discovery:discover_packages(recursive) discover
[2.403s] INFO:colcon.colcon_core.package_discovery:Crawling recursively for packages in '/home/ubuntu/HRI-Tom-Target/ros2_ws'
[2.404s] Level 1:colcon.colcon_core.package_identification:_identify(.) by extensions ['ignore', 'ignore_ament_install']
[2.404s] Level 1:colcon.colcon_core.package_identification:_identify(.) by extension 'ignore'
[2.405s] Level 1:colcon.colcon_core.package_identification:_identify(.) by extension 'ignore_ament_install'
[2.406s] Level 1:colcon.colcon_core.package_identification:_identify(.) by extensions ['colcon_pkg']
[2.406s] Level 1:colcon.colcon_core.package_identification:_identify(.) by extension 'colcon_pkg'
[2.407s] Level 1:colcon.colcon_core.package_identification:_identify(.) by extensions ['colcon_meta']
[2.407s] Level 1:colcon.colcon_core.package_identification:_identify(.) by extension 'colcon_meta'
[2.407s] Level 1:colcon.colcon_core.package_identification:_identify(.) by extensions ['ros']
[2.408s] Level 1:colcon.colcon_core.package_identification:_identify(.) by extension 'ros'
[2.474s] Level 1:colcon.colcon_core.package_identification:_identify(.) by extensions ['cmake', 'python']
[2.474s] Level 1:colcon.colcon_core.package_identification:_identify(.) by extension 'cmake'
[2.475s] Level 1:colcon.colcon_core.package_identification:_identify(.) by extension 'python'
[2.475s] Level 1:colcon.colcon_core.package_identification:_identify(.) by extensions ['python_setup_py']
[2.475s] Level 1:colcon.colcon_core.package_identification:_identify(.) by extension 'python_setup_py'
[2.476s] Level 1:colcon.colcon_core.package_identification:_identify(build) by extensions ['ignore', 'ignore_ament_install']
[2.477s] Level 1:colcon.colcon_core.package_identification:_identify(build) by extension 'ignore'
[2.478s] Level 1:colcon.colcon_core.package_identification:_identify(build) ignored
[2.479s] Level 1:colcon.colcon_core.package_identification:_identify(install) by extensions ['ignore', 'ignore_ament_install']
[2.480s] Level 1:colcon.colcon_core.package_identification:_identify(install) by extension 'ignore'
[2.481s] Level 1:colcon.colcon_core.package_identification:_identify(install) ignored
[2.483s] Level 1:colcon.colcon_core.package_identification:_identify(log) by extensions ['ignore', 'ignore_ament_install']
[2.483s] Level 1:colcon.colcon_core.package_identification:_identify(log) by extension 'ignore'
[2.483s] Level 1:colcon.colcon_core.package_identification:_identify(log) ignored
[2.484s] Level 1:colcon.colcon_core.package_identification:_identify(src) by extensions ['ignore', 'ignore_ament_install']
[2.485s] Level 1:colcon.colcon_core.package_identification:_identify(src) by extension 'ignore'
[2.485s] Level 1:colcon.colcon_core.package_identification:_identify(src) by extension 'ignore_ament_install'
[2.486s] Level 1:colcon.colcon_core.package_identification:_identify(src) by extensions ['colcon_pkg']
[2.486s] Level 1:colcon.colcon_core.package_identification:_identify(src) by extension 'colcon_pkg'
[2.486s] Level 1:colcon.colcon_core.package_identification:_identify(src) by extensions ['colcon_meta']
[2.486s] Level 1:colcon.colcon_core.package_identification:_identify(src) by extension 'colcon_meta'
[2.487s] Level 1:colcon.colcon_core.package_identification:_identify(src) by extensions ['ros']
[2.487s] Level 1:colcon.colcon_core.package_identification:_identify(src) by extension 'ros'
[2.487s] Level 1:colcon.colcon_core.package_identification:_identify(src) by extensions ['cmake', 'python']
[2.487s] Level 1:colcon.colcon_core.package_identification:_identify(src) by extension 'cmake'
[2.487s] Level 1:colcon.colcon_core.package_identification:_identify(src) by extension 'python'
[2.488s] Level 1:colcon.colcon_core.package_identification:_identify(src) by extensions ['python_setup_py']
[2.488s] Level 1:colcon.colcon_core.package_identification:_identify(src) by extension 'python_setup_py'
[2.489s] Level 1:colcon.colcon_core.package_identification:_identify(src/audio) by extensions ['ignore', 'ignore_ament_install']
[2.490s] Level 1:colcon.colcon_core.package_identification:_identify(src/audio) by extension 'ignore'
[2.491s] Level 1:colcon.colcon_core.package_identification:_identify(src/audio) by extension 'ignore_ament_install'
[2.491s] Level 1:colcon.colcon_core.package_identification:_identify(src/audio) by extensions ['colcon_pkg']
[2.491s] Level 1:colcon.colcon_core.package_identification:_identify(src/audio) by extension 'colcon_pkg'
[2.492s] Level 1:colcon.colcon_core.package_identification:_identify(src/audio) by extensions ['colcon_meta']
[2.492s] Level 1:colcon.colcon_core.package_identification:_identify(src/audio) by extension 'colcon_meta'
[2.492s] Level 1:colcon.colcon_core.package_identification:_identify(src/audio) by extensions ['ros']
[2.492s] Level 1:colcon.colcon_core.package_identification:_identify(src/audio) by extension 'ros'
[2.495s] Level 1:colcon.colcon_core.package_identification:_identify(src/audio) by extensions ['cmake', 'python']
[2.495s] Level 1:colcon.colcon_core.package_identification:_identify(src/audio) by extension 'cmake'
[2.495s] Level 1:colcon.colcon_core.package_identification:_identify(src/audio) by extension 'python'
[2.496s] Level 1:colcon.colcon_core.package_identification:_identify(src/audio) by extensions ['python_setup_py']
[2.496s] Level 1:colcon.colcon_core.package_identification:_identify(src/audio) by extension 'python_setup_py'
[2.497s] Level 1:colcon.colcon_core.package_identification:_identify(src/build) by extensions ['ignore', 'ignore_ament_install']
[2.498s] Level 1:colcon.colcon_core.package_identification:_identify(src/build) by extension 'ignore'
[2.498s] Level 1:colcon.colcon_core.package_identification:_identify(src/build) ignored
[2.499s] Level 1:colcon.colcon_core.package_identification:_identify(src/install) by extensions ['ignore', 'ignore_ament_install']
[2.500s] Level 1:colcon.colcon_core.package_identification:_identify(src/install) by extension 'ignore'
[2.502s] Level 1:colcon.colcon_core.package_identification:_identify(src/install) ignored
[2.504s] Level 1:colcon.colcon_core.package_identification:_identify(src/log) by extensions ['ignore', 'ignore_ament_install']
[2.505s] Level 1:colcon.colcon_core.package_identification:_identify(src/log) by extension 'ignore'
[2.505s] Level 1:colcon.colcon_core.package_identification:_identify(src/log) ignored
[2.507s] Level 1:colcon.colcon_core.package_identification:_identify(src/robot_catch_pkg) by extensions ['ignore', 'ignore_ament_install']
[2.508s] Level 1:colcon.colcon_core.package_identification:_identify(src/robot_catch_pkg) by extension 'ignore'
[2.509s] Level 1:colcon.colcon_core.package_identification:_identify(src/robot_catch_pkg) by extension 'ignore_ament_install'
[2.510s] Level 1:colcon.colcon_core.package_identification:_identify(src/robot_catch_pkg) by extensions ['colcon_pkg']
[2.511s] Level 1:colcon.colcon_core.package_identification:_identify(src/robot_catch_pkg) by extension 'colcon_pkg'
[2.511s] Level 1:colcon.colcon_core.package_identification:_identify(src/robot_catch_pkg) by extensions ['colcon_meta']
[2.511s] Level 1:colcon.colcon_core.package_identification:_identify(src/robot_catch_pkg) by extension 'colcon_meta'
[2.512s] Level 1:colcon.colcon_core.package_identification:_identify(src/robot_catch_pkg) by extensions ['ros']
[2.512s] Level 1:colcon.colcon_core.package_identification:_identify(src/robot_catch_pkg) by extension 'ros'
[2.522s] DEBUG:colcon.colcon_core.package_identification:Package 'src/robot_catch_pkg' with type 'ros.ament_python' and name 'robot_catch_pkg'
[2.522s] Level 1:colcon.colcon_core.package_discovery:discover_packages(recursive) using defaults
[2.523s] Level 1:colcon.colcon_core.package_discovery:discover_packages(ignore) discover
[2.523s] Level 1:colcon.colcon_core.package_discovery:discover_packages(ignore) using defaults
[2.523s] Level 1:colcon.colcon_core.package_discovery:discover_packages(path) discover
[2.523s] Level 1:colcon.colcon_core.package_discovery:discover_packages(path) using defaults
[2.693s] Level 1:colcon.colcon_core.package_discovery:discover_packages(prefix_path) check parameters
[2.693s] Level 1:colcon.colcon_core.package_discovery:discover_packages(prefix_path) discover
[2.713s] DEBUG:colcon.colcon_installed_package_information.package_discovery:Found 1 installed packages in /home/ubuntu/HRI-Tom-Target/ros2_ws/install
[2.731s] DEBUG:colcon.colcon_installed_package_information.package_discovery:Found 329 installed packages in /opt/ros/humble
[2.741s] Level 1:colcon.colcon_core.package_discovery:discover_packages(prefix_path) using defaults
[3.265s] Level 5:colcon.colcon_core.verb:set package 'robot_catch_pkg' build argument 'cmake_args' from command line to 'None'
[3.265s] Level 5:colcon.colcon_core.verb:set package 'robot_catch_pkg' build argument 'cmake_target' from command line to 'None'
[3.265s] Level 5:colcon.colcon_core.verb:set package 'robot_catch_pkg' build argument 'cmake_target_skip_unavailable' from command line to 'False'
[3.266s] Level 5:colcon.colcon_core.verb:set package 'robot_catch_pkg' build argument 'cmake_clean_cache' from command line to 'False'
[3.266s] Level 5:colcon.colcon_core.verb:set package 'robot_catch_pkg' build argument 'cmake_clean_first' from command line to 'False'
[3.266s] Level 5:colcon.colcon_core.verb:set package 'robot_catch_pkg' build argument 'cmake_force_configure' from command line to 'False'
[3.266s] Level 5:colcon.colcon_core.verb:set package 'robot_catch_pkg' build argument 'ament_cmake_args' from command line to 'None'
[3.266s] Level 5:colcon.colcon_core.verb:set package 'robot_catch_pkg' build argument 'catkin_cmake_args' from command line to 'None'
[3.267s] Level 5:colcon.colcon_core.verb:set package 'robot_catch_pkg' build argument 'catkin_skip_building_tests' from command line to 'False'
[3.267s] DEBUG:colcon.colcon_core.verb:Building package 'robot_catch_pkg' with the following arguments: {'ament_cmake_args': None, 'build_base': '/home/ubuntu/HRI-Tom-Target/ros2_ws/build/robot_catch_pkg', 'catkin_cmake_args': None, 'catkin_skip_building_tests': False, 'cmake_args': None, 'cmake_clean_cache': False, 'cmake_clean_first': False, 'cmake_force_configure': False, 'cmake_target': None, 'cmake_target_skip_unavailable': False, 'install_base': '/home/ubuntu/HRI-Tom-Target/ros2_ws/install/robot_catch_pkg', 'merge_install': False, 'path': '/home/ubuntu/HRI-Tom-Target/ros2_ws/src/robot_catch_pkg', 'symlink_install': False, 'test_result_base': None}
[3.270s] INFO:colcon.colcon_core.executor:Executing jobs using 'parallel' executor
[3.294s] DEBUG:colcon.colcon_parallel_executor.executor.parallel:run_until_complete
[3.298s] INFO:colcon.colcon_ros.task.ament_python.build:Building ROS package in '/home/ubuntu/HRI-Tom-Target/ros2_ws/src/robot_catch_pkg' with build type 'ament_python'
[3.299s] Level 1:colcon.colcon_core.shell:create_environment_hook('robot_catch_pkg', 'ament_prefix_path')
[3.321s] INFO:colcon.colcon_core.plugin_system:Skipping extension 'colcon_core.shell.bat': Not used on non-Windows systems
[3.322s] INFO:colcon.colcon_core.shell:Creating environment hook '/home/ubuntu/HRI-Tom-Target/ros2_ws/install/robot_catch_pkg/share/robot_catch_pkg/hook/ament_prefix_path.ps1'
[3.325s] INFO:colcon.colcon_core.shell:Creating environment descriptor '/home/ubuntu/HRI-Tom-Target/ros2_ws/install/robot_catch_pkg/share/robot_catch_pkg/hook/ament_prefix_path.dsv'
[3.327s] INFO:colcon.colcon_core.shell:Creating environment hook '/home/ubuntu/HRI-Tom-Target/ros2_ws/install/robot_catch_pkg/share/robot_catch_pkg/hook/ament_prefix_path.sh'
[3.336s] INFO:colcon.colcon_core.shell:Skip shell extension 'powershell' for command environment: Not usable outside of PowerShell
[3.337s] DEBUG:colcon.colcon_core.shell:Skip shell extension 'dsv' for command environment
[5.429s] INFO:colcon.colcon_core.task.python.build:Building Python package in '/home/ubuntu/HRI-Tom-Target/ros2_ws/src/robot_catch_pkg'
[5.434s] INFO:colcon.colcon_core.shell:Skip shell extension 'powershell' for command environment: Not usable outside of PowerShell
[5.435s] DEBUG:colcon.colcon_core.shell:Skip shell extension 'dsv' for command environment
[8.148s] DEBUG:colcon.colcon_core.event_handler.log_command:Invoking command in '/home/ubuntu/HRI-Tom-Target/ros2_ws/src/robot_catch_pkg': PYTHONPATH=/home/ubuntu/HRI-Tom-Target/ros2_ws/build/robot_catch_pkg/prefix_override:/home/ubuntu/HRI-Tom-Target/ros2_ws/install/robot_catch_pkg/lib/python3.10/site-packages:${PYTHONPATH} /usr/bin/python3 setup.py egg_info --egg-base ../../build/robot_catch_pkg build --build-base /home/ubuntu/HRI-Tom-Target/ros2_ws/build/robot_catch_pkg/build install --record /home/ubuntu/HRI-Tom-Target/ros2_ws/build/robot_catch_pkg/install.log --single-version-externally-managed
[10.347s] DEBUG:colcon.colcon_core.event_handler.log_command:Invoked command in '/home/ubuntu/HRI-Tom-Target/ros2_ws/src/robot_catch_pkg' returned '0': PYTHONPATH=/home/ubuntu/HRI-Tom-Target/ros2_ws/build/robot_catch_pkg/prefix_override:/home/ubuntu/HRI-Tom-Target/ros2_ws/install/robot_catch_pkg/lib/python3.10/site-packages:${PYTHONPATH} /usr/bin/python3 setup.py egg_info --egg-base ../../build/robot_catch_pkg build --build-base /home/ubuntu/HRI-Tom-Target/ros2_ws/build/robot_catch_pkg/build install --record /home/ubuntu/HRI-Tom-Target/ros2_ws/build/robot_catch_pkg/install.log --single-version-externally-managed
[10.372s] Level 1:colcon.colcon_core.environment:checking '/home/ubuntu/HRI-Tom-Target/ros2_ws/install/robot_catch_pkg' for CMake module files
[10.376s] Level 1:colcon.colcon_core.environment:checking '/home/ubuntu/HRI-Tom-Target/ros2_ws/install/robot_catch_pkg' for CMake config files
[10.383s] Level 1:colcon.colcon_core.environment:checking '/home/ubuntu/HRI-Tom-Target/ros2_ws/install/robot_catch_pkg/lib'
[10.386s] Level 1:colcon.colcon_core.environment:checking '/home/ubuntu/HRI-Tom-Target/ros2_ws/install/robot_catch_pkg/bin'
[10.387s] Level 1:colcon.colcon_core.environment:checking '/home/ubuntu/HRI-Tom-Target/ros2_ws/install/robot_catch_pkg/lib/pkgconfig/robot_catch_pkg.pc'
[10.390s] Level 1:colcon.colcon_core.environment:checking '/home/ubuntu/HRI-Tom-Target/ros2_ws/install/robot_catch_pkg/lib/python3.10/site-packages'
[10.391s] Level 1:colcon.colcon_core.shell:create_environment_hook('robot_catch_pkg', 'pythonpath')
[10.398s] INFO:colcon.colcon_core.shell:Creating environment hook '/home/ubuntu/HRI-Tom-Target/ros2_ws/install/robot_catch_pkg/share/robot_catch_pkg/hook/pythonpath.ps1'
[10.401s] INFO:colcon.colcon_core.shell:Creating environment descriptor '/home/ubuntu/HRI-Tom-Target/ros2_ws/install/robot_catch_pkg/share/robot_catch_pkg/hook/pythonpath.dsv'
[10.403s] INFO:colcon.colcon_core.shell:Creating environment hook '/home/ubuntu/HRI-Tom-Target/ros2_ws/install/robot_catch_pkg/share/robot_catch_pkg/hook/pythonpath.sh'
[10.407s] Level 1:colcon.colcon_core.environment:checking '/home/ubuntu/HRI-Tom-Target/ros2_ws/install/robot_catch_pkg/bin'
[10.407s] Level 1:colcon.colcon_core.environment:create_environment_scripts_only(robot_catch_pkg)
[10.414s] INFO:colcon.colcon_core.shell:Creating package script '/home/ubuntu/HRI-Tom-Target/ros2_ws/install/robot_catch_pkg/share/robot_catch_pkg/package.ps1'
[10.420s] INFO:colcon.colcon_core.shell:Creating package descriptor '/home/ubuntu/HRI-Tom-Target/ros2_ws/install/robot_catch_pkg/share/robot_catch_pkg/package.dsv'
[10.423s] INFO:colcon.colcon_core.shell:Creating package script '/home/ubuntu/HRI-Tom-Target/ros2_ws/install/robot_catch_pkg/share/robot_catch_pkg/package.sh'
[10.427s] INFO:colcon.colcon_core.shell:Creating package script '/home/ubuntu/HRI-Tom-Target/ros2_ws/install/robot_catch_pkg/share/robot_catch_pkg/package.bash'
[10.431s] INFO:colcon.colcon_core.shell:Creating package script '/home/ubuntu/HRI-Tom-Target/ros2_ws/install/robot_catch_pkg/share/robot_catch_pkg/package.zsh'
[10.438s] Level 1:colcon.colcon_core.environment:create_file_with_runtime_dependencies(/home/ubuntu/HRI-Tom-Target/ros2_ws/install/robot_catch_pkg/share/colcon-core/packages/robot_catch_pkg)
[10.444s] DEBUG:colcon.colcon_parallel_executor.executor.parallel:closing loop
[10.446s] DEBUG:colcon.colcon_parallel_executor.executor.parallel:loop closed
[10.447s] DEBUG:colcon.colcon_parallel_executor.executor.parallel:run_until_complete finished with '0'
[10.447s] DEBUG:colcon.colcon_core.event_reactor:joining thread
[10.482s] INFO:colcon.colcon_core.plugin_system:Skipping extension 'colcon_notification.desktop_notification.notify_send': Could not find 'notify-send'
[10.483s] INFO:colcon.colcon_core.plugin_system:Skipping extension 'colcon_notification.desktop_notification.terminal_notifier': Not used on non-Darwin systems
[10.484s] INFO:colcon.colcon_core.plugin_system:Skipping extension 'colcon_notification.desktop_notification.win32': Not used on non-Windows systems
[10.485s] INFO:colcon.colcon_notification.desktop_notification:Sending desktop notification using 'notify2'
[10.492s] DEBUG:colcon.colcon_notification.desktop_notification.notify2:Failed to initialize notify2: org.freedesktop.DBus.Error.ServiceUnknown: The name org.freedesktop.Notifications was not provided by any .service files
[10.493s] DEBUG:colcon.colcon_core.event_reactor:joined thread
[10.500s] INFO:colcon.colcon_core.shell:Creating prefix script '/home/ubuntu/HRI-Tom-Target/ros2_ws/install/local_setup.ps1'
[10.504s] INFO:colcon.colcon_core.shell:Creating prefix util module '/home/ubuntu/HRI-Tom-Target/ros2_ws/install/_local_setup_util_ps1.py'
[10.513s] INFO:colcon.colcon_core.shell:Creating prefix chain script '/home/ubuntu/HRI-Tom-Target/ros2_ws/install/setup.ps1'
[10.521s] INFO:colcon.colcon_core.shell:Creating prefix script '/home/ubuntu/HRI-Tom-Target/ros2_ws/install/local_setup.sh'
[10.524s] INFO:colcon.colcon_core.shell:Creating prefix util module '/home/ubuntu/HRI-Tom-Target/ros2_ws/install/_local_setup_util_sh.py'
[10.530s] INFO:colcon.colcon_core.shell:Creating prefix chain script '/home/ubuntu/HRI-Tom-Target/ros2_ws/install/setup.sh'
[10.542s] INFO:colcon.colcon_core.shell:Creating prefix script '/home/ubuntu/HRI-Tom-Target/ros2_ws/install/local_setup.bash'
[10.545s] INFO:colcon.colcon_core.shell:Creating prefix chain script '/home/ubuntu/HRI-Tom-Target/ros2_ws/install/setup.bash'
[10.553s] INFO:colcon.colcon_core.shell:Creating prefix script '/home/ubuntu/HRI-Tom-Target/ros2_ws/install/local_setup.zsh'
[10.557s] INFO:colcon.colcon_core.shell:Creating prefix chain script '/home/ubuntu/HRI-Tom-Target/ros2_ws/install/setup.zsh'
