[3.943s] Invoking command in '/home/ubuntu/HRI-Tom-Target/ros2_ws/src/robot_catch_pkg': PYTHONPATH=/home/ubuntu/HRI-Tom-Target/ros2_ws/build/robot_catch_pkg/prefix_override:/home/ubuntu/HRI-Tom-Target/ros2_ws/install/robot_catch_pkg/lib/python3.10/site-packages:${PYTHONPATH} /usr/bin/python3 setup.py egg_info --egg-base ../../build/robot_catch_pkg build --build-base /home/ubuntu/HRI-Tom-Target/ros2_ws/build/robot_catch_pkg/build install --record /home/ubuntu/HRI-Tom-Target/ros2_ws/build/robot_catch_pkg/install.log --single-version-externally-managed
[5.440s] running egg_info
[5.443s] writing ../../build/robot_catch_pkg/robot_catch_pkg.egg-info/PKG-INFO
[5.444s] writing dependency_links to ../../build/robot_catch_pkg/robot_catch_pkg.egg-info/dependency_links.txt
[5.447s] writing entry points to ../../build/robot_catch_pkg/robot_catch_pkg.egg-info/entry_points.txt
[5.448s] writing requirements to ../../build/robot_catch_pkg/robot_catch_pkg.egg-info/requires.txt
[5.449s] writing top-level names to ../../build/robot_catch_pkg/robot_catch_pkg.egg-info/top_level.txt
[5.461s] reading manifest file '../../build/robot_catch_pkg/robot_catch_pkg.egg-info/SOURCES.txt'
[5.469s] adding license file 'LICENSE'
[5.470s] writing manifest file '../../build/robot_catch_pkg/robot_catch_pkg.egg-info/SOURCES.txt'
[5.476s] running build
[5.476s] running build_py
[5.477s] copying robot_catch_pkg/robot_catch_node.py -> /home/ubuntu/HRI-Tom-Target/ros2_ws/build/robot_catch_pkg/build/lib/robot_catch_pkg
[5.478s] running install
[5.479s] running install_lib
[5.480s] copying /home/ubuntu/HRI-Tom-Target/ros2_ws/build/robot_catch_pkg/build/lib/robot_catch_pkg/robot_catch_node.py -> /home/ubuntu/HRI-Tom-Target/ros2_ws/install/robot_catch_pkg/lib/python3.10/site-packages/robot_catch_pkg
[5.483s] byte-compiling /home/ubuntu/HRI-Tom-Target/ros2_ws/install/robot_catch_pkg/lib/python3.10/site-packages/robot_catch_pkg/robot_catch_node.py to robot_catch_node.cpython-310.pyc
[5.494s] running install_data
[5.494s] running install_egg_info
[5.504s] removing '/home/ubuntu/HRI-Tom-Target/ros2_ws/install/robot_catch_pkg/lib/python3.10/site-packages/robot_catch_pkg-0.0.0-py3.10.egg-info' (and everything under it)
[5.506s] Copying ../../build/robot_catch_pkg/robot_catch_pkg.egg-info to /home/ubuntu/HRI-Tom-Target/ros2_ws/install/robot_catch_pkg/lib/python3.10/site-packages/robot_catch_pkg-0.0.0-py3.10.egg-info
[5.523s] running install_scripts
[5.606s] Installing robot_catch_node script to /home/ubuntu/HRI-Tom-Target/ros2_ws/install/robot_catch_pkg/lib/robot_catch_pkg
[5.620s] writing list of installed files to '/home/ubuntu/HRI-Tom-Target/ros2_ws/build/robot_catch_pkg/install.log'
[5.791s] Invoked command in '/home/ubuntu/HRI-Tom-Target/ros2_ws/src/robot_catch_pkg' returned '0': PYTHONPATH=/home/ubuntu/HRI-Tom-Target/ros2_ws/build/robot_catch_pkg/prefix_override:/home/ubuntu/HRI-Tom-Target/ros2_ws/install/robot_catch_pkg/lib/python3.10/site-packages:${PYTHONPATH} /usr/bin/python3 setup.py egg_info --egg-base ../../build/robot_catch_pkg build --build-base /home/ubuntu/HRI-Tom-Target/ros2_ws/build/robot_catch_pkg/build install --record /home/ubuntu/HRI-Tom-Target/ros2_ws/build/robot_catch_pkg/install.log --single-version-externally-managed
