[3.360s] Invoking command in '/home/ubuntu/TomTarget/ros2_ws/src/robot_catch_pkg': PYTHONPATH=/home/ubuntu/TomTarget/ros2_ws/src/build/robot_catch_pkg/prefix_override:/home/ubuntu/TomTarget/ros2_ws/src/install/robot_catch_pkg/lib/python3.10/site-packages:${PYTHONPATH} /usr/bin/python3 setup.py egg_info --egg-base ../build/robot_catch_pkg build --build-base /home/ubuntu/TomTarget/ros2_ws/src/build/robot_catch_pkg/build install --record /home/ubuntu/TomTarget/ros2_ws/src/build/robot_catch_pkg/install.log --single-version-externally-managed
[4.649s] running egg_info
[4.652s] writing ../build/robot_catch_pkg/robot_catch_pkg.egg-info/PKG-INFO
[4.654s] writing dependency_links to ../build/robot_catch_pkg/robot_catch_pkg.egg-info/dependency_links.txt
[4.657s] writing entry points to ../build/robot_catch_pkg/robot_catch_pkg.egg-info/entry_points.txt
[4.659s] writing requirements to ../build/robot_catch_pkg/robot_catch_pkg.egg-info/requires.txt
[4.666s] writing top-level names to ../build/robot_catch_pkg/robot_catch_pkg.egg-info/top_level.txt
[4.670s] reading manifest file '../build/robot_catch_pkg/robot_catch_pkg.egg-info/SOURCES.txt'
[4.671s] adding license file 'LICENSE'
[4.672s] writing manifest file '../build/robot_catch_pkg/robot_catch_pkg.egg-info/SOURCES.txt'
[4.673s] running build
[4.674s] running build_py
[4.674s] copying robot_catch_pkg/robot_catch_node.py -> /home/ubuntu/TomTarget/ros2_ws/src/build/robot_catch_pkg/build/lib/robot_catch_pkg
[4.676s] running install
[4.677s] running install_lib
[4.681s] copying /home/ubuntu/TomTarget/ros2_ws/src/build/robot_catch_pkg/build/lib/robot_catch_pkg/robot_catch_node.py -> /home/ubuntu/TomTarget/ros2_ws/src/install/robot_catch_pkg/lib/python3.10/site-packages/robot_catch_pkg
[4.684s] byte-compiling /home/ubuntu/TomTarget/ros2_ws/src/install/robot_catch_pkg/lib/python3.10/site-packages/robot_catch_pkg/robot_catch_node.py to robot_catch_node.cpython-310.pyc
[4.697s] running install_data
[4.698s] running install_egg_info
[4.705s] removing '/home/ubuntu/TomTarget/ros2_ws/src/install/robot_catch_pkg/lib/python3.10/site-packages/robot_catch_pkg-0.0.0-py3.10.egg-info' (and everything under it)
[4.707s] Copying ../build/robot_catch_pkg/robot_catch_pkg.egg-info to /home/ubuntu/TomTarget/ros2_ws/src/install/robot_catch_pkg/lib/python3.10/site-packages/robot_catch_pkg-0.0.0-py3.10.egg-info
[4.713s] running install_scripts
[4.793s] Installing robot_catch_node script to /home/ubuntu/TomTarget/ros2_ws/src/install/robot_catch_pkg/lib/robot_catch_pkg
[4.801s] writing list of installed files to '/home/ubuntu/TomTarget/ros2_ws/src/build/robot_catch_pkg/install.log'
[4.941s] Invoked command in '/home/ubuntu/TomTarget/ros2_ws/src/robot_catch_pkg' returned '0': PYTHONPATH=/home/ubuntu/TomTarget/ros2_ws/src/build/robot_catch_pkg/prefix_override:/home/ubuntu/TomTarget/ros2_ws/src/install/robot_catch_pkg/lib/python3.10/site-packages:${PYTHONPATH} /usr/bin/python3 setup.py egg_info --egg-base ../build/robot_catch_pkg build --build-base /home/ubuntu/TomTarget/ros2_ws/src/build/robot_catch_pkg/build install --record /home/ubuntu/TomTarget/ros2_ws/src/build/robot_catch_pkg/install.log --single-version-externally-managed
