running egg_info
writing ../../build/robot_catch_pkg/robot_catch_pkg.egg-info/PKG-INFO
writing dependency_links to ../../build/robot_catch_pkg/robot_catch_pkg.egg-info/dependency_links.txt
writing entry points to ../../build/robot_catch_pkg/robot_catch_pkg.egg-info/entry_points.txt
writing requirements to ../../build/robot_catch_pkg/robot_catch_pkg.egg-info/requires.txt
writing top-level names to ../../build/robot_catch_pkg/robot_catch_pkg.egg-info/top_level.txt
reading manifest file '../../build/robot_catch_pkg/robot_catch_pkg.egg-info/SOURCES.txt'
adding license file 'LICENSE'
writing manifest file '../../build/robot_catch_pkg/robot_catch_pkg.egg-info/SOURCES.txt'
running build
running build_py
copying robot_catch_pkg/robot_catch_node.py -> /home/ubuntu/HRI-Tom-Target/ros2_ws/build/robot_catch_pkg/build/lib/robot_catch_pkg
running install
running install_lib
copying /home/ubuntu/HRI-Tom-Target/ros2_ws/build/robot_catch_pkg/build/lib/robot_catch_pkg/robot_catch_node.py -> /home/ubuntu/HRI-Tom-Target/ros2_ws/install/robot_catch_pkg/lib/python3.10/site-packages/robot_catch_pkg
byte-compiling /home/ubuntu/HRI-Tom-Target/ros2_ws/install/robot_catch_pkg/lib/python3.10/site-packages/robot_catch_pkg/robot_catch_node.py to robot_catch_node.cpython-310.pyc
Sorry: IndentationError: expected an indented block after function definition on line 88 (robot_catch_node.py, line 89)
running install_data
running install_egg_info
removing '/home/ubuntu/HRI-Tom-Target/ros2_ws/install/robot_catch_pkg/lib/python3.10/site-packages/robot_catch_pkg-0.0.0-py3.10.egg-info' (and everything under it)
Copying ../../build/robot_catch_pkg/robot_catch_pkg.egg-info to /home/ubuntu/HRI-Tom-Target/ros2_ws/install/robot_catch_pkg/lib/python3.10/site-packages/robot_catch_pkg-0.0.0-py3.10.egg-info
running install_scripts
Installing robot_catch_node script to /home/ubuntu/HRI-Tom-Target/ros2_ws/install/robot_catch_pkg/lib/robot_catch_pkg
writing list of installed files to '/home/ubuntu/HRI-Tom-Target/ros2_ws/build/robot_catch_pkg/install.log'
