[3.348s] Invoking command in '/home/ubuntu/TomTarget/ros2_ws/src/robot_catch_pkg': PYTHONPATH=/home/ubuntu/TomTarget/ros2_ws/build/robot_catch_pkg/prefix_override:/home/ubuntu/TomTarget/ros2_ws/install/robot_catch_pkg/lib/python3.10/site-packages:${PYTHONPATH} /usr/bin/python3 setup.py egg_info --egg-base ../../build/robot_catch_pkg build --build-base /home/ubuntu/TomTarget/ros2_ws/build/robot_catch_pkg/build install --record /home/ubuntu/TomTarget/ros2_ws/build/robot_catch_pkg/install.log --single-version-externally-managed
[4.645s] running egg_info
[4.648s] writing ../../build/robot_catch_pkg/robot_catch_pkg.egg-info/PKG-INFO
[4.648s] writing dependency_links to ../../build/robot_catch_pkg/robot_catch_pkg.egg-info/dependency_links.txt
[4.653s] writing entry points to ../../build/robot_catch_pkg/robot_catch_pkg.egg-info/entry_points.txt
[4.653s] writing requirements to ../../build/robot_catch_pkg/robot_catch_pkg.egg-info/requires.txt
[4.654s] writing top-level names to ../../build/robot_catch_pkg/robot_catch_pkg.egg-info/top_level.txt
[4.661s] reading manifest file '../../build/robot_catch_pkg/robot_catch_pkg.egg-info/SOURCES.txt'
[4.663s] adding license file 'LICENSE'
[4.666s] writing manifest file '../../build/robot_catch_pkg/robot_catch_pkg.egg-info/SOURCES.txt'
[4.667s] running build
[4.667s] running build_py
[4.668s] copying robot_catch_pkg/robot_catch_node.py -> /home/ubuntu/TomTarget/ros2_ws/build/robot_catch_pkg/build/lib/robot_catch_pkg
[4.671s] running install
[4.672s] running install_lib
[4.676s] copying /home/ubuntu/TomTarget/ros2_ws/build/robot_catch_pkg/build/lib/robot_catch_pkg/robot_catch_node.py -> /home/ubuntu/TomTarget/ros2_ws/install/robot_catch_pkg/lib/python3.10/site-packages/robot_catch_pkg
[4.679s] byte-compiling /home/ubuntu/TomTarget/ros2_ws/install/robot_catch_pkg/lib/python3.10/site-packages/robot_catch_pkg/robot_catch_node.py to robot_catch_node.cpython-310.pyc
[4.684s]   File "/home/ubuntu/TomTarget/ros2_ws/install/robot_catch_pkg/lib/python3.10/site-packages/robot_catch_pkg/robot_catch_node.py", line 111
[4.685s]     self.get_logger().info('Rotate time: ': elapsed, self.ROTATE_TIME)
[4.686s]                                           ^
[4.687s] SyntaxError: invalid syntax
[4.687s] 
[4.688s] running install_data
[4.688s] running install_egg_info
[4.696s] removing '/home/ubuntu/TomTarget/ros2_ws/install/robot_catch_pkg/lib/python3.10/site-packages/robot_catch_pkg-0.0.0-py3.10.egg-info' (and everything under it)
[4.698s] Copying ../../build/robot_catch_pkg/robot_catch_pkg.egg-info to /home/ubuntu/TomTarget/ros2_ws/install/robot_catch_pkg/lib/python3.10/site-packages/robot_catch_pkg-0.0.0-py3.10.egg-info
[4.706s] running install_scripts
[4.786s] Installing robot_catch_node script to /home/ubuntu/TomTarget/ros2_ws/install/robot_catch_pkg/lib/robot_catch_pkg
[4.788s] writing list of installed files to '/home/ubuntu/TomTarget/ros2_ws/build/robot_catch_pkg/install.log'
[4.934s] Invoked command in '/home/ubuntu/TomTarget/ros2_ws/src/robot_catch_pkg' returned '0': PYTHONPATH=/home/ubuntu/TomTarget/ros2_ws/build/robot_catch_pkg/prefix_override:/home/ubuntu/TomTarget/ros2_ws/install/robot_catch_pkg/lib/python3.10/site-packages:${PYTHONPATH} /usr/bin/python3 setup.py egg_info --egg-base ../../build/robot_catch_pkg build --build-base /home/ubuntu/TomTarget/ros2_ws/build/robot_catch_pkg/build install --record /home/ubuntu/TomTarget/ros2_ws/build/robot_catch_pkg/install.log --single-version-externally-managed
