[2.884s] DEBUG:colcon:Command line arguments: ['/usr/bin/colcon', 'build']
[2.884s] DEBUG:colcon:Parsed command line arguments: Namespace(log_base=None, log_level=None, verb_name='build', build_base='build', install_base='install', merge_install=False, symlink_install=False, test_result_base=None, continue_on_error=False, executor='parallel', parallel_workers=4, event_handlers=None, ignore_user_meta=False, metas=['./colcon.meta'], base_paths=['.'], packages_ignore=None, packages_ignore_regex=None, paths=None, packages_up_to=None, packages_up_to_regex=None, packages_above=None, packages_above_and_dependencies=None, packages_above_depth=None, packages_select_by_dep=None, packages_skip_by_dep=None, packages_skip_up_to=None, packages_select_build_failed=False, packages_skip_build_finished=False, packages_select_test_failures=False, packages_skip_test_passed=False, packages_select=None, packages_skip=None, packages_select_regex=None, packages_skip_regex=None, packages_start=None, packages_end=None, allow_overriding=[], cmake_args=None, cmake_target=None, cmake_target_skip_unavailable=False, cmake_clean_cache=False, cmake_clean_first=False, cmake_force_configure=False, ament_cmake_args=None, catkin_cmake_args=None, catkin_skip_building_tests=False, verb_parser=<colcon_defaults.argument_parser.defaults.DefaultArgumentsDecorator object at 0xffffa5911e70>, verb_extension=<colcon_core.verb.build.BuildVerb object at 0xffffa5911900>, main=<bound method BuildVerb.main of <colcon_core.verb.build.BuildVerb object at 0xffffa5911900>>)
[3.170s] Level 1:colcon.colcon_core.package_discovery:discover_packages(colcon_meta) check parameters
[3.171s] Level 1:colcon.colcon_core.package_discovery:discover_packages(recursive) check parameters
[3.171s] Level 1:colcon.colcon_core.package_discovery:discover_packages(ignore) check parameters
[3.171s] Level 1:colcon.colcon_core.package_discovery:discover_packages(path) check parameters
[3.171s] Level 1:colcon.colcon_core.package_discovery:discover_packages(colcon_meta) discover
[3.171s] Level 1:colcon.colcon_core.package_discovery:discover_packages(recursive) discover
[3.172s] INFO:colcon.colcon_core.package_discovery:Crawling recursively for packages in '/home/ubuntu/TomTarget/ros2_ws'
[3.172s] Level 1:colcon.colcon_core.package_identification:_identify(.) by extensions ['ignore', 'ignore_ament_install']
[3.173s] Level 1:colcon.colcon_core.package_identification:_identify(.) by extension 'ignore'
[3.173s] Level 1:colcon.colcon_core.package_identification:_identify(.) by extension 'ignore_ament_install'
[3.174s] Level 1:colcon.colcon_core.package_identification:_identify(.) by extensions ['colcon_pkg']
[3.174s] Level 1:colcon.colcon_core.package_identification:_identify(.) by extension 'colcon_pkg'
[3.174s] Level 1:colcon.colcon_core.package_identification:_identify(.) by extensions ['colcon_meta']
[3.174s] Level 1:colcon.colcon_core.package_identification:_identify(.) by extension 'colcon_meta'
[3.175s] Level 1:colcon.colcon_core.package_identification:_identify(.) by extensions ['ros']
[3.175s] Level 1:colcon.colcon_core.package_identification:_identify(.) by extension 'ros'
[3.320s] Level 1:colcon.colcon_core.package_identification:_identify(.) by extensions ['cmake', 'python']
[3.321s] Level 1:colcon.colcon_core.package_identification:_identify(.) by extension 'cmake'
[3.321s] Level 1:colcon.colcon_core.package_identification:_identify(.) by extension 'python'
[3.322s] Level 1:colcon.colcon_core.package_identification:_identify(.) by extensions ['python_setup_py']
[3.322s] Level 1:colcon.colcon_core.package_identification:_identify(.) by extension 'python_setup_py'
[3.322s] Level 1:colcon.colcon_core.package_identification:_identify(build) by extensions ['ignore', 'ignore_ament_install']
[3.323s] Level 1:colcon.colcon_core.package_identification:_identify(build) by extension 'ignore'
[3.323s] Level 1:colcon.colcon_core.package_identification:_identify(build) ignored
[3.324s] Level 1:colcon.colcon_core.package_identification:_identify(install) by extensions ['ignore', 'ignore_ament_install']
[3.324s] Level 1:colcon.colcon_core.package_identification:_identify(install) by extension 'ignore'
[3.325s] Level 1:colcon.colcon_core.package_identification:_identify(install) ignored
[3.326s] Level 1:colcon.colcon_core.package_identification:_identify(log) by extensions ['ignore', 'ignore_ament_install']
[3.326s] Level 1:colcon.colcon_core.package_identification:_identify(log) by extension 'ignore'
[3.327s] Level 1:colcon.colcon_core.package_identification:_identify(log) ignored
[3.327s] Level 1:colcon.colcon_core.package_identification:_identify(src) by extensions ['ignore', 'ignore_ament_install']
[3.328s] Level 1:colcon.colcon_core.package_identification:_identify(src) by extension 'ignore'
[3.328s] Level 1:colcon.colcon_core.package_identification:_identify(src) by extension 'ignore_ament_install'
[3.329s] Level 1:colcon.colcon_core.package_identification:_identify(src) by extensions ['colcon_pkg']
[3.329s] Level 1:colcon.colcon_core.package_identification:_identify(src) by extension 'colcon_pkg'
[3.329s] Level 1:colcon.colcon_core.package_identification:_identify(src) by extensions ['colcon_meta']
[3.329s] Level 1:colcon.colcon_core.package_identification:_identify(src) by extension 'colcon_meta'
[3.330s] Level 1:colcon.colcon_core.package_identification:_identify(src) by extensions ['ros']
[3.330s] Level 1:colcon.colcon_core.package_identification:_identify(src) by extension 'ros'
[3.331s] Level 1:colcon.colcon_core.package_identification:_identify(src) by extensions ['cmake', 'python']
[3.331s] Level 1:colcon.colcon_core.package_identification:_identify(src) by extension 'cmake'
[3.332s] Level 1:colcon.colcon_core.package_identification:_identify(src) by extension 'python'
[3.334s] Level 1:colcon.colcon_core.package_identification:_identify(src) by extensions ['python_setup_py']
[3.334s] Level 1:colcon.colcon_core.package_identification:_identify(src) by extension 'python_setup_py'
[3.336s] Level 1:colcon.colcon_core.package_identification:_identify(src/audio) by extensions ['ignore', 'ignore_ament_install']
[3.337s] Level 1:colcon.colcon_core.package_identification:_identify(src/audio) by extension 'ignore'
[3.337s] Level 1:colcon.colcon_core.package_identification:_identify(src/audio) by extension 'ignore_ament_install'
[3.338s] Level 1:colcon.colcon_core.package_identification:_identify(src/audio) by extensions ['colcon_pkg']
[3.339s] Level 1:colcon.colcon_core.package_identification:_identify(src/audio) by extension 'colcon_pkg'
[3.340s] Level 1:colcon.colcon_core.package_identification:_identify(src/audio) by extensions ['colcon_meta']
[3.340s] Level 1:colcon.colcon_core.package_identification:_identify(src/audio) by extension 'colcon_meta'
[3.341s] Level 1:colcon.colcon_core.package_identification:_identify(src/audio) by extensions ['ros']
[3.341s] Level 1:colcon.colcon_core.package_identification:_identify(src/audio) by extension 'ros'
[3.343s] Level 1:colcon.colcon_core.package_identification:_identify(src/audio) by extensions ['cmake', 'python']
[3.343s] Level 1:colcon.colcon_core.package_identification:_identify(src/audio) by extension 'cmake'
[3.344s] Level 1:colcon.colcon_core.package_identification:_identify(src/audio) by extension 'python'
[3.345s] Level 1:colcon.colcon_core.package_identification:_identify(src/audio) by extensions ['python_setup_py']
[3.345s] Level 1:colcon.colcon_core.package_identification:_identify(src/audio) by extension 'python_setup_py'
[3.346s] Level 1:colcon.colcon_core.package_identification:_identify(src/build) by extensions ['ignore', 'ignore_ament_install']
[3.347s] Level 1:colcon.colcon_core.package_identification:_identify(src/build) by extension 'ignore'
[3.347s] Level 1:colcon.colcon_core.package_identification:_identify(src/build) ignored
[3.347s] Level 1:colcon.colcon_core.package_identification:_identify(src/install) by extensions ['ignore', 'ignore_ament_install']
[3.348s] Level 1:colcon.colcon_core.package_identification:_identify(src/install) by extension 'ignore'
[3.348s] Level 1:colcon.colcon_core.package_identification:_identify(src/install) ignored
[3.349s] Level 1:colcon.colcon_core.package_identification:_identify(src/log) by extensions ['ignore', 'ignore_ament_install']
[3.350s] Level 1:colcon.colcon_core.package_identification:_identify(src/log) by extension 'ignore'
[3.350s] Level 1:colcon.colcon_core.package_identification:_identify(src/log) ignored
[3.351s] Level 1:colcon.colcon_core.package_identification:_identify(src/robot_catch_pkg) by extensions ['ignore', 'ignore_ament_install']
[3.351s] Level 1:colcon.colcon_core.package_identification:_identify(src/robot_catch_pkg) by extension 'ignore'
[3.351s] Level 1:colcon.colcon_core.package_identification:_identify(src/robot_catch_pkg) by extension 'ignore_ament_install'
[3.352s] Level 1:colcon.colcon_core.package_identification:_identify(src/robot_catch_pkg) by extensions ['colcon_pkg']
[3.352s] Level 1:colcon.colcon_core.package_identification:_identify(src/robot_catch_pkg) by extension 'colcon_pkg'
[3.353s] Level 1:colcon.colcon_core.package_identification:_identify(src/robot_catch_pkg) by extensions ['colcon_meta']
[3.353s] Level 1:colcon.colcon_core.package_identification:_identify(src/robot_catch_pkg) by extension 'colcon_meta'
[3.354s] Level 1:colcon.colcon_core.package_identification:_identify(src/robot_catch_pkg) by extensions ['ros']
[3.354s] Level 1:colcon.colcon_core.package_identification:_identify(src/robot_catch_pkg) by extension 'ros'
[3.366s] DEBUG:colcon.colcon_core.package_identification:Package 'src/robot_catch_pkg' with type 'ros.ament_python' and name 'robot_catch_pkg'
[3.366s] Level 1:colcon.colcon_core.package_discovery:discover_packages(recursive) using defaults
[3.367s] Level 1:colcon.colcon_core.package_discovery:discover_packages(ignore) discover
[3.367s] Level 1:colcon.colcon_core.package_discovery:discover_packages(ignore) using defaults
[3.367s] Level 1:colcon.colcon_core.package_discovery:discover_packages(path) discover
[3.367s] Level 1:colcon.colcon_core.package_discovery:discover_packages(path) using defaults
[3.578s] Level 1:colcon.colcon_core.package_discovery:discover_packages(prefix_path) check parameters
[3.578s] Level 1:colcon.colcon_core.package_discovery:discover_packages(prefix_path) discover
[3.616s] DEBUG:colcon.colcon_installed_package_information.package_discovery:Found 327 installed packages in /opt/ros/humble
[3.624s] Level 1:colcon.colcon_core.package_discovery:discover_packages(prefix_path) using defaults
[3.992s] Level 5:colcon.colcon_core.verb:set package 'robot_catch_pkg' build argument 'cmake_args' from command line to 'None'
[3.993s] Level 5:colcon.colcon_core.verb:set package 'robot_catch_pkg' build argument 'cmake_target' from command line to 'None'
[3.993s] Level 5:colcon.colcon_core.verb:set package 'robot_catch_pkg' build argument 'cmake_target_skip_unavailable' from command line to 'False'
[3.993s] Level 5:colcon.colcon_core.verb:set package 'robot_catch_pkg' build argument 'cmake_clean_cache' from command line to 'False'
[3.993s] Level 5:colcon.colcon_core.verb:set package 'robot_catch_pkg' build argument 'cmake_clean_first' from command line to 'False'
[3.994s] Level 5:colcon.colcon_core.verb:set package 'robot_catch_pkg' build argument 'cmake_force_configure' from command line to 'False'
[3.994s] Level 5:colcon.colcon_core.verb:set package 'robot_catch_pkg' build argument 'ament_cmake_args' from command line to 'None'
[3.994s] Level 5:colcon.colcon_core.verb:set package 'robot_catch_pkg' build argument 'catkin_cmake_args' from command line to 'None'
[3.994s] Level 5:colcon.colcon_core.verb:set package 'robot_catch_pkg' build argument 'catkin_skip_building_tests' from command line to 'False'
[3.995s] DEBUG:colcon.colcon_core.verb:Building package 'robot_catch_pkg' with the following arguments: {'ament_cmake_args': None, 'build_base': '/home/ubuntu/TomTarget/ros2_ws/build/robot_catch_pkg', 'catkin_cmake_args': None, 'catkin_skip_building_tests': False, 'cmake_args': None, 'cmake_clean_cache': False, 'cmake_clean_first': False, 'cmake_force_configure': False, 'cmake_target': None, 'cmake_target_skip_unavailable': False, 'install_base': '/home/ubuntu/TomTarget/ros2_ws/install/robot_catch_pkg', 'merge_install': False, 'path': '/home/ubuntu/TomTarget/ros2_ws/src/robot_catch_pkg', 'symlink_install': False, 'test_result_base': None}
[3.998s] INFO:colcon.colcon_core.executor:Executing jobs using 'parallel' executor
[4.011s] DEBUG:colcon.colcon_parallel_executor.executor.parallel:run_until_complete
[4.012s] INFO:colcon.colcon_ros.task.ament_python.build:Building ROS package in '/home/ubuntu/TomTarget/ros2_ws/src/robot_catch_pkg' with build type 'ament_python'
[4.013s] Level 1:colcon.colcon_core.shell:create_environment_hook('robot_catch_pkg', 'ament_prefix_path')
[4.057s] INFO:colcon.colcon_core.plugin_system:Skipping extension 'colcon_core.shell.bat': Not used on non-Windows systems
[4.058s] INFO:colcon.colcon_core.shell:Creating environment hook '/home/ubuntu/TomTarget/ros2_ws/install/robot_catch_pkg/share/robot_catch_pkg/hook/ament_prefix_path.ps1'
[4.064s] INFO:colcon.colcon_core.shell:Creating environment descriptor '/home/ubuntu/TomTarget/ros2_ws/install/robot_catch_pkg/share/robot_catch_pkg/hook/ament_prefix_path.dsv'
[4.067s] INFO:colcon.colcon_core.shell:Creating environment hook '/home/ubuntu/TomTarget/ros2_ws/install/robot_catch_pkg/share/robot_catch_pkg/hook/ament_prefix_path.sh'
[4.080s] INFO:colcon.colcon_core.shell:Skip shell extension 'powershell' for command environment: Not usable outside of PowerShell
[4.080s] DEBUG:colcon.colcon_core.shell:Skip shell extension 'dsv' for command environment
[5.658s] INFO:colcon.colcon_core.task.python.build:Building Python package in '/home/ubuntu/TomTarget/ros2_ws/src/robot_catch_pkg'
[5.667s] INFO:colcon.colcon_core.shell:Skip shell extension 'powershell' for command environment: Not usable outside of PowerShell
[5.668s] DEBUG:colcon.colcon_core.shell:Skip shell extension 'dsv' for command environment
[8.154s] DEBUG:colcon.colcon_core.event_handler.log_command:Invoking command in '/home/ubuntu/TomTarget/ros2_ws/src/robot_catch_pkg': PYTHONPATH=/home/ubuntu/TomTarget/ros2_ws/build/robot_catch_pkg/prefix_override:/home/ubuntu/TomTarget/ros2_ws/install/robot_catch_pkg/lib/python3.10/site-packages:${PYTHONPATH} /usr/bin/python3 setup.py egg_info --egg-base ../../build/robot_catch_pkg build --build-base /home/ubuntu/TomTarget/ros2_ws/build/robot_catch_pkg/build install --record /home/ubuntu/TomTarget/ros2_ws/build/robot_catch_pkg/install.log --single-version-externally-managed
[9.934s] DEBUG:colcon.colcon_core.event_handler.log_command:Invoked command in '/home/ubuntu/TomTarget/ros2_ws/src/robot_catch_pkg' returned '0': PYTHONPATH=/home/ubuntu/TomTarget/ros2_ws/build/robot_catch_pkg/prefix_override:/home/ubuntu/TomTarget/ros2_ws/install/robot_catch_pkg/lib/python3.10/site-packages:${PYTHONPATH} /usr/bin/python3 setup.py egg_info --egg-base ../../build/robot_catch_pkg build --build-base /home/ubuntu/TomTarget/ros2_ws/build/robot_catch_pkg/build install --record /home/ubuntu/TomTarget/ros2_ws/build/robot_catch_pkg/install.log --single-version-externally-managed
[9.987s] Level 1:colcon.colcon_core.environment:checking '/home/ubuntu/TomTarget/ros2_ws/install/robot_catch_pkg' for CMake module files
[9.991s] Level 1:colcon.colcon_core.environment:checking '/home/ubuntu/TomTarget/ros2_ws/install/robot_catch_pkg' for CMake config files
[9.995s] Level 1:colcon.colcon_core.environment:checking '/home/ubuntu/TomTarget/ros2_ws/install/robot_catch_pkg/lib'
[9.998s] Level 1:colcon.colcon_core.environment:checking '/home/ubuntu/TomTarget/ros2_ws/install/robot_catch_pkg/bin'
[10.000s] Level 1:colcon.colcon_core.environment:checking '/home/ubuntu/TomTarget/ros2_ws/install/robot_catch_pkg/lib/pkgconfig/robot_catch_pkg.pc'
[10.001s] Level 1:colcon.colcon_core.environment:checking '/home/ubuntu/TomTarget/ros2_ws/install/robot_catch_pkg/lib/python3.10/site-packages'
[10.002s] Level 1:colcon.colcon_core.shell:create_environment_hook('robot_catch_pkg', 'pythonpath')
[10.007s] INFO:colcon.colcon_core.shell:Creating environment hook '/home/ubuntu/TomTarget/ros2_ws/install/robot_catch_pkg/share/robot_catch_pkg/hook/pythonpath.ps1'
[10.014s] INFO:colcon.colcon_core.shell:Creating environment descriptor '/home/ubuntu/TomTarget/ros2_ws/install/robot_catch_pkg/share/robot_catch_pkg/hook/pythonpath.dsv'
[10.016s] INFO:colcon.colcon_core.shell:Creating environment hook '/home/ubuntu/TomTarget/ros2_ws/install/robot_catch_pkg/share/robot_catch_pkg/hook/pythonpath.sh'
[10.018s] Level 1:colcon.colcon_core.environment:checking '/home/ubuntu/TomTarget/ros2_ws/install/robot_catch_pkg/bin'
[10.019s] Level 1:colcon.colcon_core.environment:create_environment_scripts_only(robot_catch_pkg)
[10.024s] INFO:colcon.colcon_core.shell:Creating package script '/home/ubuntu/TomTarget/ros2_ws/install/robot_catch_pkg/share/robot_catch_pkg/package.ps1'
[10.030s] INFO:colcon.colcon_core.shell:Creating package descriptor '/home/ubuntu/TomTarget/ros2_ws/install/robot_catch_pkg/share/robot_catch_pkg/package.dsv'
[10.034s] INFO:colcon.colcon_core.shell:Creating package script '/home/ubuntu/TomTarget/ros2_ws/install/robot_catch_pkg/share/robot_catch_pkg/package.sh'
[10.040s] INFO:colcon.colcon_core.shell:Creating package script '/home/ubuntu/TomTarget/ros2_ws/install/robot_catch_pkg/share/robot_catch_pkg/package.bash'
[10.046s] INFO:colcon.colcon_core.shell:Creating package script '/home/ubuntu/TomTarget/ros2_ws/install/robot_catch_pkg/share/robot_catch_pkg/package.zsh'
[10.054s] Level 1:colcon.colcon_core.environment:create_file_with_runtime_dependencies(/home/ubuntu/TomTarget/ros2_ws/install/robot_catch_pkg/share/colcon-core/packages/robot_catch_pkg)
[10.056s] DEBUG:colcon.colcon_parallel_executor.executor.parallel:closing loop
[10.057s] DEBUG:colcon.colcon_parallel_executor.executor.parallel:loop closed
[10.064s] DEBUG:colcon.colcon_parallel_executor.executor.parallel:run_until_complete finished with '0'
[10.065s] DEBUG:colcon.colcon_core.event_reactor:joining thread
[10.102s] INFO:colcon.colcon_core.plugin_system:Skipping extension 'colcon_notification.desktop_notification.notify_send': Could not find 'notify-send'
[10.102s] INFO:colcon.colcon_core.plugin_system:Skipping extension 'colcon_notification.desktop_notification.terminal_notifier': Not used on non-Darwin systems
[10.103s] INFO:colcon.colcon_core.plugin_system:Skipping extension 'colcon_notification.desktop_notification.win32': Not used on non-Windows systems
[10.103s] INFO:colcon.colcon_notification.desktop_notification:Sending desktop notification using 'notify2'
[10.106s] DEBUG:colcon.colcon_notification.desktop_notification.notify2:Failed to initialize notify2: org.freedesktop.DBus.Error.ServiceUnknown: The name org.freedesktop.Notifications was not provided by any .service files
[10.107s] DEBUG:colcon.colcon_core.event_reactor:joined thread
[10.116s] INFO:colcon.colcon_core.shell:Creating prefix script '/home/ubuntu/TomTarget/ros2_ws/install/local_setup.ps1'
[10.121s] INFO:colcon.colcon_core.shell:Creating prefix util module '/home/ubuntu/TomTarget/ros2_ws/install/_local_setup_util_ps1.py'
[10.131s] INFO:colcon.colcon_core.shell:Creating prefix chain script '/home/ubuntu/TomTarget/ros2_ws/install/setup.ps1'
[10.140s] INFO:colcon.colcon_core.shell:Creating prefix script '/home/ubuntu/TomTarget/ros2_ws/install/local_setup.sh'
[10.145s] INFO:colcon.colcon_core.shell:Creating prefix util module '/home/ubuntu/TomTarget/ros2_ws/install/_local_setup_util_sh.py'
[10.147s] INFO:colcon.colcon_core.shell:Creating prefix chain script '/home/ubuntu/TomTarget/ros2_ws/install/setup.sh'
[10.156s] INFO:colcon.colcon_core.shell:Creating prefix script '/home/ubuntu/TomTarget/ros2_ws/install/local_setup.bash'
[10.161s] INFO:colcon.colcon_core.shell:Creating prefix chain script '/home/ubuntu/TomTarget/ros2_ws/install/setup.bash'
[10.172s] INFO:colcon.colcon_core.shell:Creating prefix script '/home/ubuntu/TomTarget/ros2_ws/install/local_setup.zsh'
[10.177s] INFO:colcon.colcon_core.shell:Creating prefix chain script '/home/ubuntu/TomTarget/ros2_ws/install/setup.zsh'
